CRITICAL - 2020-09-14 10:13:53 --> Unable to connect to the database.
#0 /var/www/html/php/trip/system/Database/BaseConnection.php(646): CodeIgniter\Database\BaseConnection->initialize()
#1 /var/www/html/php/trip/system/Database/BaseBuilder.php(1860): CodeIgniter\Database\BaseConnection->query()
#2 /var/www/html/php/trip/system/Model.php(462): CodeIgniter\Database\BaseBuilder->get()
#3 /var/www/html/php/trip/app/Models/NewsModel.php(13): CodeIgniter\Model->findAll()
#4 /var/www/html/php/trip/app/Controllers/News.php(13): App\Models\NewsModel->getNews()
#5 /var/www/html/php/trip/system/CodeIgniter.php(918): App\Controllers\News->index()
#6 /var/www/html/php/trip/system/CodeIgniter.php(404): CodeIgniter\CodeIgniter->runController()
#7 /var/www/html/php/trip/system/CodeIgniter.php(312): CodeIgniter\CodeIgniter->handleRequest()
#8 /var/www/html/php/trip/public/index.php(45): CodeIgniter\CodeIgniter->run()
#9 {main}
CRITICAL - 2020-09-14 10:13:54 --> Unable to connect to the database.
#0 /var/www/html/php/trip/system/Database/BaseConnection.php(646): CodeIgniter\Database\BaseConnection->initialize()
#1 /var/www/html/php/trip/system/Database/BaseBuilder.php(1860): CodeIgniter\Database\BaseConnection->query()
#2 /var/www/html/php/trip/system/Model.php(462): CodeIgniter\Database\BaseBuilder->get()
#3 /var/www/html/php/trip/app/Models/NewsModel.php(13): CodeIgniter\Model->findAll()
#4 /var/www/html/php/trip/app/Controllers/News.php(13): App\Models\NewsModel->getNews()
#5 /var/www/html/php/trip/system/CodeIgniter.php(918): App\Controllers\News->index()
#6 /var/www/html/php/trip/system/CodeIgniter.php(404): CodeIgniter\CodeIgniter->runController()
#7 /var/www/html/php/trip/system/CodeIgniter.php(312): CodeIgniter\CodeIgniter->handleRequest()
#8 /var/www/html/php/trip/public/index.php(45): CodeIgniter\CodeIgniter->run()
#9 {main}
CRITICAL - 2020-09-14 10:13:54 --> Unable to connect to the database.
#0 /var/www/html/php/trip/system/Database/BaseConnection.php(646): CodeIgniter\Database\BaseConnection->initialize()
#1 /var/www/html/php/trip/system/Database/BaseBuilder.php(1860): CodeIgniter\Database\BaseConnection->query()
#2 /var/www/html/php/trip/system/Model.php(462): CodeIgniter\Database\BaseBuilder->get()
#3 /var/www/html/php/trip/app/Models/NewsModel.php(13): CodeIgniter\Model->findAll()
#4 /var/www/html/php/trip/app/Controllers/News.php(13): App\Models\NewsModel->getNews()
#5 /var/www/html/php/trip/system/CodeIgniter.php(918): App\Controllers\News->index()
#6 /var/www/html/php/trip/system/CodeIgniter.php(404): CodeIgniter\CodeIgniter->runController()
#7 /var/www/html/php/trip/system/CodeIgniter.php(312): CodeIgniter\CodeIgniter->handleRequest()
#8 /var/www/html/php/trip/public/index.php(45): CodeIgniter\CodeIgniter->run()
#9 {main}
CRITICAL - 2020-09-14 10:13:54 --> Unable to connect to the database.
#0 /var/www/html/php/trip/system/Database/BaseConnection.php(646): CodeIgniter\Database\BaseConnection->initialize()
#1 /var/www/html/php/trip/system/Database/BaseBuilder.php(1860): CodeIgniter\Database\BaseConnection->query()
#2 /var/www/html/php/trip/system/Model.php(462): CodeIgniter\Database\BaseBuilder->get()
#3 /var/www/html/php/trip/app/Models/NewsModel.php(13): CodeIgniter\Model->findAll()
#4 /var/www/html/php/trip/app/Controllers/News.php(13): App\Models\NewsModel->getNews()
#5 /var/www/html/php/trip/system/CodeIgniter.php(918): App\Controllers\News->index()
#6 /var/www/html/php/trip/system/CodeIgniter.php(404): CodeIgniter\CodeIgniter->runController()
#7 /var/www/html/php/trip/system/CodeIgniter.php(312): CodeIgniter\CodeIgniter->handleRequest()
#8 /var/www/html/php/trip/public/index.php(45): CodeIgniter\CodeIgniter->run()
#9 {main}
CRITICAL - 2020-09-14 10:13:54 --> Unable to connect to the database.
#0 /var/www/html/php/trip/system/Database/BaseConnection.php(646): CodeIgniter\Database\BaseConnection->initialize()
#1 /var/www/html/php/trip/system/Database/BaseBuilder.php(1860): CodeIgniter\Database\BaseConnection->query()
#2 /var/www/html/php/trip/system/Model.php(462): CodeIgniter\Database\BaseBuilder->get()
#3 /var/www/html/php/trip/app/Models/NewsModel.php(13): CodeIgniter\Model->findAll()
#4 /var/www/html/php/trip/app/Controllers/News.php(13): App\Models\NewsModel->getNews()
#5 /var/www/html/php/trip/system/CodeIgniter.php(918): App\Controllers\News->index()
#6 /var/www/html/php/trip/system/CodeIgniter.php(404): CodeIgniter\CodeIgniter->runController()
#7 /var/www/html/php/trip/system/CodeIgniter.php(312): CodeIgniter\CodeIgniter->handleRequest()
#8 /var/www/html/php/trip/public/index.php(45): CodeIgniter\CodeIgniter->run()
#9 {main}
CRITICAL - 2020-09-14 10:13:54 --> Unable to connect to the database.
#0 /var/www/html/php/trip/system/Database/BaseConnection.php(646): CodeIgniter\Database\BaseConnection->initialize()
#1 /var/www/html/php/trip/system/Database/BaseBuilder.php(1860): CodeIgniter\Database\BaseConnection->query()
#2 /var/www/html/php/trip/system/Model.php(462): CodeIgniter\Database\BaseBuilder->get()
#3 /var/www/html/php/trip/app/Models/NewsModel.php(13): CodeIgniter\Model->findAll()
#4 /var/www/html/php/trip/app/Controllers/News.php(13): App\Models\NewsModel->getNews()
#5 /var/www/html/php/trip/system/CodeIgniter.php(918): App\Controllers\News->index()
#6 /var/www/html/php/trip/system/CodeIgniter.php(404): CodeIgniter\CodeIgniter->runController()
#7 /var/www/html/php/trip/system/CodeIgniter.php(312): CodeIgniter\CodeIgniter->handleRequest()
#8 /var/www/html/php/trip/public/index.php(45): CodeIgniter\CodeIgniter->run()
#9 {main}
CRITICAL - 2020-09-14 10:13:55 --> Unable to connect to the database.
#0 /var/www/html/php/trip/system/Database/BaseConnection.php(646): CodeIgniter\Database\BaseConnection->initialize()
#1 /var/www/html/php/trip/system/Database/BaseBuilder.php(1860): CodeIgniter\Database\BaseConnection->query()
#2 /var/www/html/php/trip/system/Model.php(462): CodeIgniter\Database\BaseBuilder->get()
#3 /var/www/html/php/trip/app/Models/NewsModel.php(13): CodeIgniter\Model->findAll()
#4 /var/www/html/php/trip/app/Controllers/News.php(13): App\Models\NewsModel->getNews()
#5 /var/www/html/php/trip/system/CodeIgniter.php(918): App\Controllers\News->index()
#6 /var/www/html/php/trip/system/CodeIgniter.php(404): CodeIgniter\CodeIgniter->runController()
#7 /var/www/html/php/trip/system/CodeIgniter.php(312): CodeIgniter\CodeIgniter->handleRequest()
#8 /var/www/html/php/trip/public/index.php(45): CodeIgniter\CodeIgniter->run()
#9 {main}
CRITICAL - 2020-09-14 10:44:12 --> Unable to connect to the database.
#0 /var/www/html/php/trip/system/Database/BaseConnection.php(646): CodeIgniter\Database\BaseConnection->initialize()
#1 /var/www/html/php/trip/system/Database/BaseBuilder.php(1860): CodeIgniter\Database\BaseConnection->query()
#2 /var/www/html/php/trip/system/Model.php(462): CodeIgniter\Database\BaseBuilder->get()
#3 /var/www/html/php/trip/app/Models/NewsModel.php(13): CodeIgniter\Model->findAll()
#4 /var/www/html/php/trip/app/Controllers/News.php(13): App\Models\NewsModel->getNews()
#5 /var/www/html/php/trip/system/CodeIgniter.php(918): App\Controllers\News->index()
#6 /var/www/html/php/trip/system/CodeIgniter.php(404): CodeIgniter\CodeIgniter->runController()
#7 /var/www/html/php/trip/system/CodeIgniter.php(312): CodeIgniter\CodeIgniter->handleRequest()
#8 /var/www/html/php/trip/public/index.php(45): CodeIgniter\CodeIgniter->run()
#9 {main}
CRITICAL - 2020-09-14 10:44:13 --> Unable to connect to the database.
#0 /var/www/html/php/trip/system/Database/BaseConnection.php(646): CodeIgniter\Database\BaseConnection->initialize()
#1 /var/www/html/php/trip/system/Database/BaseBuilder.php(1860): CodeIgniter\Database\BaseConnection->query()
#2 /var/www/html/php/trip/system/Model.php(462): CodeIgniter\Database\BaseBuilder->get()
#3 /var/www/html/php/trip/app/Models/NewsModel.php(13): CodeIgniter\Model->findAll()
#4 /var/www/html/php/trip/app/Controllers/News.php(13): App\Models\NewsModel->getNews()
#5 /var/www/html/php/trip/system/CodeIgniter.php(918): App\Controllers\News->index()
#6 /var/www/html/php/trip/system/CodeIgniter.php(404): CodeIgniter\CodeIgniter->runController()
#7 /var/www/html/php/trip/system/CodeIgniter.php(312): CodeIgniter\CodeIgniter->handleRequest()
#8 /var/www/html/php/trip/public/index.php(45): CodeIgniter\CodeIgniter->run()
#9 {main}
CRITICAL - 2020-09-14 10:44:14 --> Unable to connect to the database.
#0 /var/www/html/php/trip/system/Database/BaseConnection.php(646): CodeIgniter\Database\BaseConnection->initialize()
#1 /var/www/html/php/trip/system/Database/BaseBuilder.php(1860): CodeIgniter\Database\BaseConnection->query()
#2 /var/www/html/php/trip/system/Model.php(462): CodeIgniter\Database\BaseBuilder->get()
#3 /var/www/html/php/trip/app/Models/NewsModel.php(13): CodeIgniter\Model->findAll()
#4 /var/www/html/php/trip/app/Controllers/News.php(13): App\Models\NewsModel->getNews()
#5 /var/www/html/php/trip/system/CodeIgniter.php(918): App\Controllers\News->index()
#6 /var/www/html/php/trip/system/CodeIgniter.php(404): CodeIgniter\CodeIgniter->runController()
#7 /var/www/html/php/trip/system/CodeIgniter.php(312): CodeIgniter\CodeIgniter->handleRequest()
#8 /var/www/html/php/trip/public/index.php(45): CodeIgniter\CodeIgniter->run()
#9 {main}
CRITICAL - 2020-09-14 10:44:14 --> Unable to connect to the database.
#0 /var/www/html/php/trip/system/Database/BaseConnection.php(646): CodeIgniter\Database\BaseConnection->initialize()
#1 /var/www/html/php/trip/system/Database/BaseBuilder.php(1860): CodeIgniter\Database\BaseConnection->query()
#2 /var/www/html/php/trip/system/Model.php(462): CodeIgniter\Database\BaseBuilder->get()
#3 /var/www/html/php/trip/app/Models/NewsModel.php(13): CodeIgniter\Model->findAll()
#4 /var/www/html/php/trip/app/Controllers/News.php(13): App\Models\NewsModel->getNews()
#5 /var/www/html/php/trip/system/CodeIgniter.php(918): App\Controllers\News->index()
#6 /var/www/html/php/trip/system/CodeIgniter.php(404): CodeIgniter\CodeIgniter->runController()
#7 /var/www/html/php/trip/system/CodeIgniter.php(312): CodeIgniter\CodeIgniter->handleRequest()
#8 /var/www/html/php/trip/public/index.php(45): CodeIgniter\CodeIgniter->run()
#9 {main}
CRITICAL - 2020-09-14 10:44:14 --> Unable to connect to the database.
#0 /var/www/html/php/trip/system/Database/BaseConnection.php(646): CodeIgniter\Database\BaseConnection->initialize()
#1 /var/www/html/php/trip/system/Database/BaseBuilder.php(1860): CodeIgniter\Database\BaseConnection->query()
#2 /var/www/html/php/trip/system/Model.php(462): CodeIgniter\Database\BaseBuilder->get()
#3 /var/www/html/php/trip/app/Models/NewsModel.php(13): CodeIgniter\Model->findAll()
#4 /var/www/html/php/trip/app/Controllers/News.php(13): App\Models\NewsModel->getNews()
#5 /var/www/html/php/trip/system/CodeIgniter.php(918): App\Controllers\News->index()
#6 /var/www/html/php/trip/system/CodeIgniter.php(404): CodeIgniter\CodeIgniter->runController()
#7 /var/www/html/php/trip/system/CodeIgniter.php(312): CodeIgniter\CodeIgniter->handleRequest()
#8 /var/www/html/php/trip/public/index.php(45): CodeIgniter\CodeIgniter->run()
#9 {main}
CRITICAL - 2020-09-14 10:44:14 --> Unable to connect to the database.
#0 /var/www/html/php/trip/system/Database/BaseConnection.php(646): CodeIgniter\Database\BaseConnection->initialize()
#1 /var/www/html/php/trip/system/Database/BaseBuilder.php(1860): CodeIgniter\Database\BaseConnection->query()
#2 /var/www/html/php/trip/system/Model.php(462): CodeIgniter\Database\BaseBuilder->get()
#3 /var/www/html/php/trip/app/Models/NewsModel.php(13): CodeIgniter\Model->findAll()
#4 /var/www/html/php/trip/app/Controllers/News.php(13): App\Models\NewsModel->getNews()
#5 /var/www/html/php/trip/system/CodeIgniter.php(918): App\Controllers\News->index()
#6 /var/www/html/php/trip/system/CodeIgniter.php(404): CodeIgniter\CodeIgniter->runController()
#7 /var/www/html/php/trip/system/CodeIgniter.php(312): CodeIgniter\CodeIgniter->handleRequest()
#8 /var/www/html/php/trip/public/index.php(45): CodeIgniter\CodeIgniter->run()
#9 {main}
CRITICAL - 2020-09-14 10:44:14 --> Unable to connect to the database.
#0 /var/www/html/php/trip/system/Database/BaseConnection.php(646): CodeIgniter\Database\BaseConnection->initialize()
#1 /var/www/html/php/trip/system/Database/BaseBuilder.php(1860): CodeIgniter\Database\BaseConnection->query()
#2 /var/www/html/php/trip/system/Model.php(462): CodeIgniter\Database\BaseBuilder->get()
#3 /var/www/html/php/trip/app/Models/NewsModel.php(13): CodeIgniter\Model->findAll()
#4 /var/www/html/php/trip/app/Controllers/News.php(13): App\Models\NewsModel->getNews()
#5 /var/www/html/php/trip/system/CodeIgniter.php(918): App\Controllers\News->index()
#6 /var/www/html/php/trip/system/CodeIgniter.php(404): CodeIgniter\CodeIgniter->runController()
#7 /var/www/html/php/trip/system/CodeIgniter.php(312): CodeIgniter\CodeIgniter->handleRequest()
#8 /var/www/html/php/trip/public/index.php(45): CodeIgniter\CodeIgniter->run()
#9 {main}
CRITICAL - 2020-09-14 10:44:15 --> Unable to connect to the database.
#0 /var/www/html/php/trip/system/Database/BaseConnection.php(646): CodeIgniter\Database\BaseConnection->initialize()
#1 /var/www/html/php/trip/system/Database/BaseBuilder.php(1860): CodeIgniter\Database\BaseConnection->query()
#2 /var/www/html/php/trip/system/Model.php(462): CodeIgniter\Database\BaseBuilder->get()
#3 /var/www/html/php/trip/app/Models/NewsModel.php(13): CodeIgniter\Model->findAll()
#4 /var/www/html/php/trip/app/Controllers/News.php(13): App\Models\NewsModel->getNews()
#5 /var/www/html/php/trip/system/CodeIgniter.php(918): App\Controllers\News->index()
#6 /var/www/html/php/trip/system/CodeIgniter.php(404): CodeIgniter\CodeIgniter->runController()
#7 /var/www/html/php/trip/system/CodeIgniter.php(312): CodeIgniter\CodeIgniter->handleRequest()
#8 /var/www/html/php/trip/public/index.php(45): CodeIgniter\CodeIgniter->run()
#9 {main}
CRITICAL - 2020-09-14 10:44:15 --> Unable to connect to the database.
#0 /var/www/html/php/trip/system/Database/BaseConnection.php(646): CodeIgniter\Database\BaseConnection->initialize()
#1 /var/www/html/php/trip/system/Database/BaseBuilder.php(1860): CodeIgniter\Database\BaseConnection->query()
#2 /var/www/html/php/trip/system/Model.php(462): CodeIgniter\Database\BaseBuilder->get()
#3 /var/www/html/php/trip/app/Models/NewsModel.php(13): CodeIgniter\Model->findAll()
#4 /var/www/html/php/trip/app/Controllers/News.php(13): App\Models\NewsModel->getNews()
#5 /var/www/html/php/trip/system/CodeIgniter.php(918): App\Controllers\News->index()
#6 /var/www/html/php/trip/system/CodeIgniter.php(404): CodeIgniter\CodeIgniter->runController()
#7 /var/www/html/php/trip/system/CodeIgniter.php(312): CodeIgniter\CodeIgniter->handleRequest()
#8 /var/www/html/php/trip/public/index.php(45): CodeIgniter\CodeIgniter->run()
#9 {main}
CRITICAL - 2020-09-14 11:01:07 --> Unable to connect to the database.
#0 /var/www/html/php/trip/system/Database/BaseConnection.php(646): CodeIgniter\Database\BaseConnection->initialize()
#1 /var/www/html/php/trip/system/Database/BaseBuilder.php(1860): CodeIgniter\Database\BaseConnection->query()
#2 /var/www/html/php/trip/system/Model.php(462): CodeIgniter\Database\BaseBuilder->get()
#3 /var/www/html/php/trip/app/Models/NewsModel.php(13): CodeIgniter\Model->findAll()
#4 /var/www/html/php/trip/app/Controllers/News.php(13): App\Models\NewsModel->getNews()
#5 /var/www/html/php/trip/system/CodeIgniter.php(918): App\Controllers\News->index()
#6 /var/www/html/php/trip/system/CodeIgniter.php(404): CodeIgniter\CodeIgniter->runController()
#7 /var/www/html/php/trip/system/CodeIgniter.php(312): CodeIgniter\CodeIgniter->handleRequest()
#8 /var/www/html/php/trip/public/index.php(45): CodeIgniter\CodeIgniter->run()
#9 {main}
CRITICAL - 2020-09-14 11:01:08 --> Unable to connect to the database.
#0 /var/www/html/php/trip/system/Database/BaseConnection.php(646): CodeIgniter\Database\BaseConnection->initialize()
#1 /var/www/html/php/trip/system/Database/BaseBuilder.php(1860): CodeIgniter\Database\BaseConnection->query()
#2 /var/www/html/php/trip/system/Model.php(462): CodeIgniter\Database\BaseBuilder->get()
#3 /var/www/html/php/trip/app/Models/NewsModel.php(13): CodeIgniter\Model->findAll()
#4 /var/www/html/php/trip/app/Controllers/News.php(13): App\Models\NewsModel->getNews()
#5 /var/www/html/php/trip/system/CodeIgniter.php(918): App\Controllers\News->index()
#6 /var/www/html/php/trip/system/CodeIgniter.php(404): CodeIgniter\CodeIgniter->runController()
#7 /var/www/html/php/trip/system/CodeIgniter.php(312): CodeIgniter\CodeIgniter->handleRequest()
#8 /var/www/html/php/trip/public/index.php(45): CodeIgniter\CodeIgniter->run()
#9 {main}
CRITICAL - 2020-09-14 11:01:08 --> Unable to connect to the database.
#0 /var/www/html/php/trip/system/Database/BaseConnection.php(646): CodeIgniter\Database\BaseConnection->initialize()
#1 /var/www/html/php/trip/system/Database/BaseBuilder.php(1860): CodeIgniter\Database\BaseConnection->query()
#2 /var/www/html/php/trip/system/Model.php(462): CodeIgniter\Database\BaseBuilder->get()
#3 /var/www/html/php/trip/app/Models/NewsModel.php(13): CodeIgniter\Model->findAll()
#4 /var/www/html/php/trip/app/Controllers/News.php(13): App\Models\NewsModel->getNews()
#5 /var/www/html/php/trip/system/CodeIgniter.php(918): App\Controllers\News->index()
#6 /var/www/html/php/trip/system/CodeIgniter.php(404): CodeIgniter\CodeIgniter->runController()
#7 /var/www/html/php/trip/system/CodeIgniter.php(312): CodeIgniter\CodeIgniter->handleRequest()
#8 /var/www/html/php/trip/public/index.php(45): CodeIgniter\CodeIgniter->run()
#9 {main}
CRITICAL - 2020-09-14 11:01:09 --> Unable to connect to the database.
#0 /var/www/html/php/trip/system/Database/BaseConnection.php(646): CodeIgniter\Database\BaseConnection->initialize()
#1 /var/www/html/php/trip/system/Database/BaseBuilder.php(1860): CodeIgniter\Database\BaseConnection->query()
#2 /var/www/html/php/trip/system/Model.php(462): CodeIgniter\Database\BaseBuilder->get()
#3 /var/www/html/php/trip/app/Models/NewsModel.php(13): CodeIgniter\Model->findAll()
#4 /var/www/html/php/trip/app/Controllers/News.php(13): App\Models\NewsModel->getNews()
#5 /var/www/html/php/trip/system/CodeIgniter.php(918): App\Controllers\News->index()
#6 /var/www/html/php/trip/system/CodeIgniter.php(404): CodeIgniter\CodeIgniter->runController()
#7 /var/www/html/php/trip/system/CodeIgniter.php(312): CodeIgniter\CodeIgniter->handleRequest()
#8 /var/www/html/php/trip/public/index.php(45): CodeIgniter\CodeIgniter->run()
#9 {main}
CRITICAL - 2020-09-14 11:01:09 --> Unable to connect to the database.
#0 /var/www/html/php/trip/system/Database/BaseConnection.php(646): CodeIgniter\Database\BaseConnection->initialize()
#1 /var/www/html/php/trip/system/Database/BaseBuilder.php(1860): CodeIgniter\Database\BaseConnection->query()
#2 /var/www/html/php/trip/system/Model.php(462): CodeIgniter\Database\BaseBuilder->get()
#3 /var/www/html/php/trip/app/Models/NewsModel.php(13): CodeIgniter\Model->findAll()
#4 /var/www/html/php/trip/app/Controllers/News.php(13): App\Models\NewsModel->getNews()
#5 /var/www/html/php/trip/system/CodeIgniter.php(918): App\Controllers\News->index()
#6 /var/www/html/php/trip/system/CodeIgniter.php(404): CodeIgniter\CodeIgniter->runController()
#7 /var/www/html/php/trip/system/CodeIgniter.php(312): CodeIgniter\CodeIgniter->handleRequest()
#8 /var/www/html/php/trip/public/index.php(45): CodeIgniter\CodeIgniter->run()
#9 {main}
CRITICAL - 2020-09-14 11:01:09 --> Unable to connect to the database.
#0 /var/www/html/php/trip/system/Database/BaseConnection.php(646): CodeIgniter\Database\BaseConnection->initialize()
#1 /var/www/html/php/trip/system/Database/BaseBuilder.php(1860): CodeIgniter\Database\BaseConnection->query()
#2 /var/www/html/php/trip/system/Model.php(462): CodeIgniter\Database\BaseBuilder->get()
#3 /var/www/html/php/trip/app/Models/NewsModel.php(13): CodeIgniter\Model->findAll()
#4 /var/www/html/php/trip/app/Controllers/News.php(13): App\Models\NewsModel->getNews()
#5 /var/www/html/php/trip/system/CodeIgniter.php(918): App\Controllers\News->index()
#6 /var/www/html/php/trip/system/CodeIgniter.php(404): CodeIgniter\CodeIgniter->runController()
#7 /var/www/html/php/trip/system/CodeIgniter.php(312): CodeIgniter\CodeIgniter->handleRequest()
#8 /var/www/html/php/trip/public/index.php(45): CodeIgniter\CodeIgniter->run()
#9 {main}
CRITICAL - 2020-09-14 14:17:51 --> Invalid file: templates/header.php
#0 /var/www/html/php/trip/system/View/View.php(228): CodeIgniter\Exceptions\FrameworkException::forInvalidFile()
#1 /var/www/html/php/trip/system/Common.php(1119): CodeIgniter\View\View->render()
#2 /var/www/html/php/trip/app/Controllers/News.php(17): view()
#3 /var/www/html/php/trip/system/CodeIgniter.php(918): App\Controllers\News->index()
#4 /var/www/html/php/trip/system/CodeIgniter.php(404): CodeIgniter\CodeIgniter->runController()
#5 /var/www/html/php/trip/system/CodeIgniter.php(312): CodeIgniter\CodeIgniter->handleRequest()
#6 /var/www/html/php/trip/public/index.php(45): CodeIgniter\CodeIgniter->run()
#7 {main}
CRITICAL - 2020-09-14 14:18:20 --> Invalid file: templates/header.php
#0 /var/www/html/php/trip/system/View/View.php(228): CodeIgniter\Exceptions\FrameworkException::forInvalidFile()
#1 /var/www/html/php/trip/system/Common.php(1119): CodeIgniter\View\View->render()
#2 /var/www/html/php/trip/app/Controllers/News.php(17): view()
#3 /var/www/html/php/trip/system/CodeIgniter.php(918): App\Controllers\News->index()
#4 /var/www/html/php/trip/system/CodeIgniter.php(404): CodeIgniter\CodeIgniter->runController()
#5 /var/www/html/php/trip/system/CodeIgniter.php(312): CodeIgniter\CodeIgniter->handleRequest()
#6 /var/www/html/php/trip/public/index.php(45): CodeIgniter\CodeIgniter->run()
#7 {main}
CRITICAL - 2020-09-14 14:34:59 --> Invalid file: templates/header.php
#0 /var/www/html/php/trip/system/View/View.php(228): CodeIgniter\Exceptions\FrameworkException::forInvalidFile()
#1 /var/www/html/php/trip/system/Common.php(1119): CodeIgniter\View\View->render()
#2 /var/www/html/php/trip/app/Controllers/News.php(17): view()
#3 /var/www/html/php/trip/system/CodeIgniter.php(918): App\Controllers\News->index()
#4 /var/www/html/php/trip/system/CodeIgniter.php(404): CodeIgniter\CodeIgniter->runController()
#5 /var/www/html/php/trip/system/CodeIgniter.php(312): CodeIgniter\CodeIgniter->handleRequest()
#6 /var/www/html/php/trip/public/index.php(45): CodeIgniter\CodeIgniter->run()
#7 {main}
CRITICAL - 2020-09-14 15:05:23 --> Invalid file: templates/header.php
#0 /var/www/html/php/trip/system/View/View.php(228): CodeIgniter\Exceptions\FrameworkException::forInvalidFile()
#1 /var/www/html/php/trip/system/Common.php(1119): CodeIgniter\View\View->render()
#2 /var/www/html/php/trip/app/Controllers/News.php(17): view()
#3 /var/www/html/php/trip/system/CodeIgniter.php(918): App\Controllers\News->index()
#4 /var/www/html/php/trip/system/CodeIgniter.php(404): CodeIgniter\CodeIgniter->runController()
#5 /var/www/html/php/trip/system/CodeIgniter.php(312): CodeIgniter\CodeIgniter->handleRequest()
#6 /var/www/html/php/trip/public/index.php(45): CodeIgniter\CodeIgniter->run()
#7 {main}
CRITICAL - 2020-09-14 15:27:27 --> Invalid file: templates/header.php
#0 /var/www/html/php/trip/system/View/View.php(228): CodeIgniter\Exceptions\FrameworkException::forInvalidFile()
#1 /var/www/html/php/trip/system/Common.php(1119): CodeIgniter\View\View->render()
#2 /var/www/html/php/trip/app/Controllers/News.php(17): view()
#3 /var/www/html/php/trip/system/CodeIgniter.php(918): App\Controllers\News->index()
#4 /var/www/html/php/trip/system/CodeIgniter.php(404): CodeIgniter\CodeIgniter->runController()
#5 /var/www/html/php/trip/system/CodeIgniter.php(312): CodeIgniter\CodeIgniter->handleRequest()
#6 /var/www/html/php/trip/index.php(45): CodeIgniter\CodeIgniter->run()
#7 {main}
