CRITICAL - 2020-09-13 07:41:58 --> Unable to connect to the database.
#0 /var/www/html/php/trip/system/Database/BaseConnection.php(646): CodeIgniter\Database\BaseConnection->initialize()
#1 /var/www/html/php/trip/system/Database/BaseBuilder.php(1860): CodeIgniter\Database\BaseConnection->query()
#2 /var/www/html/php/trip/system/Model.php(462): CodeIgniter\Database\BaseBuilder->get()
#3 /var/www/html/php/trip/app/Models/NewsModel.php(13): CodeIgniter\Model->findAll()
#4 /var/www/html/php/trip/app/Controllers/News.php(13): App\Models\NewsModel->getNews()
#5 /var/www/html/php/trip/system/CodeIgniter.php(918): App\Controllers\News->index()
#6 /var/www/html/php/trip/system/CodeIgniter.php(404): CodeIgniter\CodeIgniter->runController()
#7 /var/www/html/php/trip/system/CodeIgniter.php(312): CodeIgniter\CodeIgniter->handleRequest()
#8 /var/www/html/php/trip/index.php(45): CodeIgniter\CodeIgniter->run()
#9 {main}
CRITICAL - 2020-09-13 07:44:31 --> Unable to connect to the database.
#0 /var/www/html/php/trip/system/Database/BaseConnection.php(646): CodeIgniter\Database\BaseConnection->initialize()
#1 /var/www/html/php/trip/system/Database/BaseBuilder.php(1860): CodeIgniter\Database\BaseConnection->query()
#2 /var/www/html/php/trip/system/Model.php(462): CodeIgniter\Database\BaseBuilder->get()
#3 /var/www/html/php/trip/app/Models/NewsModel.php(13): CodeIgniter\Model->findAll()
#4 /var/www/html/php/trip/app/Controllers/News.php(13): App\Models\NewsModel->getNews()
#5 /var/www/html/php/trip/system/CodeIgniter.php(918): App\Controllers\News->index()
#6 /var/www/html/php/trip/system/CodeIgniter.php(404): CodeIgniter\CodeIgniter->runController()
#7 /var/www/html/php/trip/system/CodeIgniter.php(312): CodeIgniter\CodeIgniter->handleRequest()
#8 /var/www/html/php/trip/index.php(45): CodeIgniter\CodeIgniter->run()
#9 {main}
CRITICAL - 2020-09-13 07:45:14 --> Unable to connect to the database.
#0 /var/www/html/php/trip/system/Database/BaseConnection.php(646): CodeIgniter\Database\BaseConnection->initialize()
#1 /var/www/html/php/trip/system/Database/BaseBuilder.php(1860): CodeIgniter\Database\BaseConnection->query()
#2 /var/www/html/php/trip/system/Model.php(462): CodeIgniter\Database\BaseBuilder->get()
#3 /var/www/html/php/trip/app/Models/NewsModel.php(13): CodeIgniter\Model->findAll()
#4 /var/www/html/php/trip/app/Controllers/News.php(13): App\Models\NewsModel->getNews()
#5 /var/www/html/php/trip/system/CodeIgniter.php(918): App\Controllers\News->index()
#6 /var/www/html/php/trip/system/CodeIgniter.php(404): CodeIgniter\CodeIgniter->runController()
#7 /var/www/html/php/trip/system/CodeIgniter.php(312): CodeIgniter\CodeIgniter->handleRequest()
#8 /var/www/html/php/trip/index.php(45): CodeIgniter\CodeIgniter->run()
#9 {main}
CRITICAL - 2020-09-13 07:50:32 --> Unable to connect to the database.
#0 /var/www/html/php/trip/system/Database/BaseConnection.php(646): CodeIgniter\Database\BaseConnection->initialize()
#1 /var/www/html/php/trip/system/Database/BaseBuilder.php(1860): CodeIgniter\Database\BaseConnection->query()
#2 /var/www/html/php/trip/system/Model.php(462): CodeIgniter\Database\BaseBuilder->get()
#3 /var/www/html/php/trip/app/Models/NewsModel.php(13): CodeIgniter\Model->findAll()
#4 /var/www/html/php/trip/app/Controllers/News.php(13): App\Models\NewsModel->getNews()
#5 /var/www/html/php/trip/system/CodeIgniter.php(918): App\Controllers\News->index()
#6 /var/www/html/php/trip/system/CodeIgniter.php(404): CodeIgniter\CodeIgniter->runController()
#7 /var/www/html/php/trip/system/CodeIgniter.php(312): CodeIgniter\CodeIgniter->handleRequest()
#8 /var/www/html/php/trip/index.php(45): CodeIgniter\CodeIgniter->run()
#9 {main}
CRITICAL - 2020-09-13 07:50:33 --> Unable to connect to the database.
#0 /var/www/html/php/trip/system/Database/BaseConnection.php(646): CodeIgniter\Database\BaseConnection->initialize()
#1 /var/www/html/php/trip/system/Database/BaseBuilder.php(1860): CodeIgniter\Database\BaseConnection->query()
#2 /var/www/html/php/trip/system/Model.php(462): CodeIgniter\Database\BaseBuilder->get()
#3 /var/www/html/php/trip/app/Models/NewsModel.php(13): CodeIgniter\Model->findAll()
#4 /var/www/html/php/trip/app/Controllers/News.php(13): App\Models\NewsModel->getNews()
#5 /var/www/html/php/trip/system/CodeIgniter.php(918): App\Controllers\News->index()
#6 /var/www/html/php/trip/system/CodeIgniter.php(404): CodeIgniter\CodeIgniter->runController()
#7 /var/www/html/php/trip/system/CodeIgniter.php(312): CodeIgniter\CodeIgniter->handleRequest()
#8 /var/www/html/php/trip/index.php(45): CodeIgniter\CodeIgniter->run()
#9 {main}
CRITICAL - 2020-09-13 07:50:33 --> Unable to connect to the database.
#0 /var/www/html/php/trip/system/Database/BaseConnection.php(646): CodeIgniter\Database\BaseConnection->initialize()
#1 /var/www/html/php/trip/system/Database/BaseBuilder.php(1860): CodeIgniter\Database\BaseConnection->query()
#2 /var/www/html/php/trip/system/Model.php(462): CodeIgniter\Database\BaseBuilder->get()
#3 /var/www/html/php/trip/app/Models/NewsModel.php(13): CodeIgniter\Model->findAll()
#4 /var/www/html/php/trip/app/Controllers/News.php(13): App\Models\NewsModel->getNews()
#5 /var/www/html/php/trip/system/CodeIgniter.php(918): App\Controllers\News->index()
#6 /var/www/html/php/trip/system/CodeIgniter.php(404): CodeIgniter\CodeIgniter->runController()
#7 /var/www/html/php/trip/system/CodeIgniter.php(312): CodeIgniter\CodeIgniter->handleRequest()
#8 /var/www/html/php/trip/index.php(45): CodeIgniter\CodeIgniter->run()
#9 {main}
CRITICAL - 2020-09-13 07:50:33 --> Unable to connect to the database.
#0 /var/www/html/php/trip/system/Database/BaseConnection.php(646): CodeIgniter\Database\BaseConnection->initialize()
#1 /var/www/html/php/trip/system/Database/BaseBuilder.php(1860): CodeIgniter\Database\BaseConnection->query()
#2 /var/www/html/php/trip/system/Model.php(462): CodeIgniter\Database\BaseBuilder->get()
#3 /var/www/html/php/trip/app/Models/NewsModel.php(13): CodeIgniter\Model->findAll()
#4 /var/www/html/php/trip/app/Controllers/News.php(13): App\Models\NewsModel->getNews()
#5 /var/www/html/php/trip/system/CodeIgniter.php(918): App\Controllers\News->index()
#6 /var/www/html/php/trip/system/CodeIgniter.php(404): CodeIgniter\CodeIgniter->runController()
#7 /var/www/html/php/trip/system/CodeIgniter.php(312): CodeIgniter\CodeIgniter->handleRequest()
#8 /var/www/html/php/trip/index.php(45): CodeIgniter\CodeIgniter->run()
#9 {main}
CRITICAL - 2020-09-13 07:50:34 --> Unable to connect to the database.
#0 /var/www/html/php/trip/system/Database/BaseConnection.php(646): CodeIgniter\Database\BaseConnection->initialize()
#1 /var/www/html/php/trip/system/Database/BaseBuilder.php(1860): CodeIgniter\Database\BaseConnection->query()
#2 /var/www/html/php/trip/system/Model.php(462): CodeIgniter\Database\BaseBuilder->get()
#3 /var/www/html/php/trip/app/Models/NewsModel.php(13): CodeIgniter\Model->findAll()
#4 /var/www/html/php/trip/app/Controllers/News.php(13): App\Models\NewsModel->getNews()
#5 /var/www/html/php/trip/system/CodeIgniter.php(918): App\Controllers\News->index()
#6 /var/www/html/php/trip/system/CodeIgniter.php(404): CodeIgniter\CodeIgniter->runController()
#7 /var/www/html/php/trip/system/CodeIgniter.php(312): CodeIgniter\CodeIgniter->handleRequest()
#8 /var/www/html/php/trip/index.php(45): CodeIgniter\CodeIgniter->run()
#9 {main}
CRITICAL - 2020-09-13 07:50:34 --> Unable to connect to the database.
#0 /var/www/html/php/trip/system/Database/BaseConnection.php(646): CodeIgniter\Database\BaseConnection->initialize()
#1 /var/www/html/php/trip/system/Database/BaseBuilder.php(1860): CodeIgniter\Database\BaseConnection->query()
#2 /var/www/html/php/trip/system/Model.php(462): CodeIgniter\Database\BaseBuilder->get()
#3 /var/www/html/php/trip/app/Models/NewsModel.php(13): CodeIgniter\Model->findAll()
#4 /var/www/html/php/trip/app/Controllers/News.php(13): App\Models\NewsModel->getNews()
#5 /var/www/html/php/trip/system/CodeIgniter.php(918): App\Controllers\News->index()
#6 /var/www/html/php/trip/system/CodeIgniter.php(404): CodeIgniter\CodeIgniter->runController()
#7 /var/www/html/php/trip/system/CodeIgniter.php(312): CodeIgniter\CodeIgniter->handleRequest()
#8 /var/www/html/php/trip/index.php(45): CodeIgniter\CodeIgniter->run()
#9 {main}
CRITICAL - 2020-09-13 07:50:34 --> Unable to connect to the database.
#0 /var/www/html/php/trip/system/Database/BaseConnection.php(646): CodeIgniter\Database\BaseConnection->initialize()
#1 /var/www/html/php/trip/system/Database/BaseBuilder.php(1860): CodeIgniter\Database\BaseConnection->query()
#2 /var/www/html/php/trip/system/Model.php(462): CodeIgniter\Database\BaseBuilder->get()
#3 /var/www/html/php/trip/app/Models/NewsModel.php(13): CodeIgniter\Model->findAll()
#4 /var/www/html/php/trip/app/Controllers/News.php(13): App\Models\NewsModel->getNews()
#5 /var/www/html/php/trip/system/CodeIgniter.php(918): App\Controllers\News->index()
#6 /var/www/html/php/trip/system/CodeIgniter.php(404): CodeIgniter\CodeIgniter->runController()
#7 /var/www/html/php/trip/system/CodeIgniter.php(312): CodeIgniter\CodeIgniter->handleRequest()
#8 /var/www/html/php/trip/index.php(45): CodeIgniter\CodeIgniter->run()
#9 {main}
CRITICAL - 2020-09-13 07:50:34 --> Unable to connect to the database.
#0 /var/www/html/php/trip/system/Database/BaseConnection.php(646): CodeIgniter\Database\BaseConnection->initialize()
#1 /var/www/html/php/trip/system/Database/BaseBuilder.php(1860): CodeIgniter\Database\BaseConnection->query()
#2 /var/www/html/php/trip/system/Model.php(462): CodeIgniter\Database\BaseBuilder->get()
#3 /var/www/html/php/trip/app/Models/NewsModel.php(13): CodeIgniter\Model->findAll()
#4 /var/www/html/php/trip/app/Controllers/News.php(13): App\Models\NewsModel->getNews()
#5 /var/www/html/php/trip/system/CodeIgniter.php(918): App\Controllers\News->index()
#6 /var/www/html/php/trip/system/CodeIgniter.php(404): CodeIgniter\CodeIgniter->runController()
#7 /var/www/html/php/trip/system/CodeIgniter.php(312): CodeIgniter\CodeIgniter->handleRequest()
#8 /var/www/html/php/trip/index.php(45): CodeIgniter\CodeIgniter->run()
#9 {main}
CRITICAL - 2020-09-13 07:53:33 --> Unable to connect to the database.
#0 /var/www/html/php/trip/system/Database/BaseConnection.php(646): CodeIgniter\Database\BaseConnection->initialize()
#1 /var/www/html/php/trip/system/Database/BaseBuilder.php(1860): CodeIgniter\Database\BaseConnection->query()
#2 /var/www/html/php/trip/system/Model.php(462): CodeIgniter\Database\BaseBuilder->get()
#3 /var/www/html/php/trip/app/Models/NewsModel.php(13): CodeIgniter\Model->findAll()
#4 /var/www/html/php/trip/app/Controllers/News.php(13): App\Models\NewsModel->getNews()
#5 /var/www/html/php/trip/system/CodeIgniter.php(918): App\Controllers\News->index()
#6 /var/www/html/php/trip/system/CodeIgniter.php(404): CodeIgniter\CodeIgniter->runController()
#7 /var/www/html/php/trip/system/CodeIgniter.php(312): CodeIgniter\CodeIgniter->handleRequest()
#8 /var/www/html/php/trip/index.php(45): CodeIgniter\CodeIgniter->run()
#9 {main}
CRITICAL - 2020-09-13 07:53:33 --> Unable to connect to the database.
#0 /var/www/html/php/trip/system/Database/BaseConnection.php(646): CodeIgniter\Database\BaseConnection->initialize()
#1 /var/www/html/php/trip/system/Database/BaseBuilder.php(1860): CodeIgniter\Database\BaseConnection->query()
#2 /var/www/html/php/trip/system/Model.php(462): CodeIgniter\Database\BaseBuilder->get()
#3 /var/www/html/php/trip/app/Models/NewsModel.php(13): CodeIgniter\Model->findAll()
#4 /var/www/html/php/trip/app/Controllers/News.php(13): App\Models\NewsModel->getNews()
#5 /var/www/html/php/trip/system/CodeIgniter.php(918): App\Controllers\News->index()
#6 /var/www/html/php/trip/system/CodeIgniter.php(404): CodeIgniter\CodeIgniter->runController()
#7 /var/www/html/php/trip/system/CodeIgniter.php(312): CodeIgniter\CodeIgniter->handleRequest()
#8 /var/www/html/php/trip/index.php(45): CodeIgniter\CodeIgniter->run()
#9 {main}
CRITICAL - 2020-09-13 07:53:33 --> Unable to connect to the database.
#0 /var/www/html/php/trip/system/Database/BaseConnection.php(646): CodeIgniter\Database\BaseConnection->initialize()
#1 /var/www/html/php/trip/system/Database/BaseBuilder.php(1860): CodeIgniter\Database\BaseConnection->query()
#2 /var/www/html/php/trip/system/Model.php(462): CodeIgniter\Database\BaseBuilder->get()
#3 /var/www/html/php/trip/app/Models/NewsModel.php(13): CodeIgniter\Model->findAll()
#4 /var/www/html/php/trip/app/Controllers/News.php(13): App\Models\NewsModel->getNews()
#5 /var/www/html/php/trip/system/CodeIgniter.php(918): App\Controllers\News->index()
#6 /var/www/html/php/trip/system/CodeIgniter.php(404): CodeIgniter\CodeIgniter->runController()
#7 /var/www/html/php/trip/system/CodeIgniter.php(312): CodeIgniter\CodeIgniter->handleRequest()
#8 /var/www/html/php/trip/index.php(45): CodeIgniter\CodeIgniter->run()
#9 {main}
CRITICAL - 2020-09-13 07:53:33 --> Unable to connect to the database.
#0 /var/www/html/php/trip/system/Database/BaseConnection.php(646): CodeIgniter\Database\BaseConnection->initialize()
#1 /var/www/html/php/trip/system/Database/BaseBuilder.php(1860): CodeIgniter\Database\BaseConnection->query()
#2 /var/www/html/php/trip/system/Model.php(462): CodeIgniter\Database\BaseBuilder->get()
#3 /var/www/html/php/trip/app/Models/NewsModel.php(13): CodeIgniter\Model->findAll()
#4 /var/www/html/php/trip/app/Controllers/News.php(13): App\Models\NewsModel->getNews()
#5 /var/www/html/php/trip/system/CodeIgniter.php(918): App\Controllers\News->index()
#6 /var/www/html/php/trip/system/CodeIgniter.php(404): CodeIgniter\CodeIgniter->runController()
#7 /var/www/html/php/trip/system/CodeIgniter.php(312): CodeIgniter\CodeIgniter->handleRequest()
#8 /var/www/html/php/trip/index.php(45): CodeIgniter\CodeIgniter->run()
#9 {main}
CRITICAL - 2020-09-13 07:53:33 --> Unable to connect to the database.
#0 /var/www/html/php/trip/system/Database/BaseConnection.php(646): CodeIgniter\Database\BaseConnection->initialize()
#1 /var/www/html/php/trip/system/Database/BaseBuilder.php(1860): CodeIgniter\Database\BaseConnection->query()
#2 /var/www/html/php/trip/system/Model.php(462): CodeIgniter\Database\BaseBuilder->get()
#3 /var/www/html/php/trip/app/Models/NewsModel.php(13): CodeIgniter\Model->findAll()
#4 /var/www/html/php/trip/app/Controllers/News.php(13): App\Models\NewsModel->getNews()
#5 /var/www/html/php/trip/system/CodeIgniter.php(918): App\Controllers\News->index()
#6 /var/www/html/php/trip/system/CodeIgniter.php(404): CodeIgniter\CodeIgniter->runController()
#7 /var/www/html/php/trip/system/CodeIgniter.php(312): CodeIgniter\CodeIgniter->handleRequest()
#8 /var/www/html/php/trip/index.php(45): CodeIgniter\CodeIgniter->run()
#9 {main}
CRITICAL - 2020-09-13 07:53:34 --> Unable to connect to the database.
#0 /var/www/html/php/trip/system/Database/BaseConnection.php(646): CodeIgniter\Database\BaseConnection->initialize()
#1 /var/www/html/php/trip/system/Database/BaseBuilder.php(1860): CodeIgniter\Database\BaseConnection->query()
#2 /var/www/html/php/trip/system/Model.php(462): CodeIgniter\Database\BaseBuilder->get()
#3 /var/www/html/php/trip/app/Models/NewsModel.php(13): CodeIgniter\Model->findAll()
#4 /var/www/html/php/trip/app/Controllers/News.php(13): App\Models\NewsModel->getNews()
#5 /var/www/html/php/trip/system/CodeIgniter.php(918): App\Controllers\News->index()
#6 /var/www/html/php/trip/system/CodeIgniter.php(404): CodeIgniter\CodeIgniter->runController()
#7 /var/www/html/php/trip/system/CodeIgniter.php(312): CodeIgniter\CodeIgniter->handleRequest()
#8 /var/www/html/php/trip/index.php(45): CodeIgniter\CodeIgniter->run()
#9 {main}
CRITICAL - 2020-09-13 08:04:32 --> Unable to connect to the database.
#0 /var/www/html/php/trip/system/Database/BaseConnection.php(646): CodeIgniter\Database\BaseConnection->initialize()
#1 /var/www/html/php/trip/system/Database/BaseBuilder.php(1860): CodeIgniter\Database\BaseConnection->query()
#2 /var/www/html/php/trip/system/Model.php(462): CodeIgniter\Database\BaseBuilder->get()
#3 /var/www/html/php/trip/app/Models/NewsModel.php(13): CodeIgniter\Model->findAll()
#4 /var/www/html/php/trip/app/Controllers/News.php(13): App\Models\NewsModel->getNews()
#5 /var/www/html/php/trip/system/CodeIgniter.php(918): App\Controllers\News->index()
#6 /var/www/html/php/trip/system/CodeIgniter.php(404): CodeIgniter\CodeIgniter->runController()
#7 /var/www/html/php/trip/system/CodeIgniter.php(312): CodeIgniter\CodeIgniter->handleRequest()
#8 /var/www/html/php/trip/index.php(45): CodeIgniter\CodeIgniter->run()
#9 {main}
CRITICAL - 2020-09-13 08:11:46 --> Unable to connect to the database.
#0 /var/www/html/php/trip/system/Database/BaseConnection.php(646): CodeIgniter\Database\BaseConnection->initialize()
#1 /var/www/html/php/trip/system/Database/BaseBuilder.php(1860): CodeIgniter\Database\BaseConnection->query()
#2 /var/www/html/php/trip/system/Model.php(462): CodeIgniter\Database\BaseBuilder->get()
#3 /var/www/html/php/trip/app/Models/NewsModel.php(13): CodeIgniter\Model->findAll()
#4 /var/www/html/php/trip/app/Controllers/News.php(13): App\Models\NewsModel->getNews()
#5 /var/www/html/php/trip/system/CodeIgniter.php(918): App\Controllers\News->index()
#6 /var/www/html/php/trip/system/CodeIgniter.php(404): CodeIgniter\CodeIgniter->runController()
#7 /var/www/html/php/trip/system/CodeIgniter.php(312): CodeIgniter\CodeIgniter->handleRequest()
#8 /var/www/html/php/trip/index.php(45): CodeIgniter\CodeIgniter->run()
#9 {main}
CRITICAL - 2020-09-13 08:11:48 --> Unable to connect to the database.
#0 /var/www/html/php/trip/system/Database/BaseConnection.php(646): CodeIgniter\Database\BaseConnection->initialize()
#1 /var/www/html/php/trip/system/Database/BaseBuilder.php(1860): CodeIgniter\Database\BaseConnection->query()
#2 /var/www/html/php/trip/system/Model.php(462): CodeIgniter\Database\BaseBuilder->get()
#3 /var/www/html/php/trip/app/Models/NewsModel.php(13): CodeIgniter\Model->findAll()
#4 /var/www/html/php/trip/app/Controllers/News.php(13): App\Models\NewsModel->getNews()
#5 /var/www/html/php/trip/system/CodeIgniter.php(918): App\Controllers\News->index()
#6 /var/www/html/php/trip/system/CodeIgniter.php(404): CodeIgniter\CodeIgniter->runController()
#7 /var/www/html/php/trip/system/CodeIgniter.php(312): CodeIgniter\CodeIgniter->handleRequest()
#8 /var/www/html/php/trip/index.php(45): CodeIgniter\CodeIgniter->run()
#9 {main}
CRITICAL - 2020-09-13 22:17:20 --> Unable to connect to the database.
#0 /var/www/html/php/trip/system/Database/BaseConnection.php(646): CodeIgniter\Database\BaseConnection->initialize()
#1 /var/www/html/php/trip/system/Database/BaseBuilder.php(1860): CodeIgniter\Database\BaseConnection->query()
#2 /var/www/html/php/trip/system/Model.php(462): CodeIgniter\Database\BaseBuilder->get()
#3 /var/www/html/php/trip/app/Models/NewsModel.php(13): CodeIgniter\Model->findAll()
#4 /var/www/html/php/trip/app/Controllers/News.php(13): App\Models\NewsModel->getNews()
#5 /var/www/html/php/trip/system/CodeIgniter.php(918): App\Controllers\News->index()
#6 /var/www/html/php/trip/system/CodeIgniter.php(404): CodeIgniter\CodeIgniter->runController()
#7 /var/www/html/php/trip/system/CodeIgniter.php(312): CodeIgniter\CodeIgniter->handleRequest()
#8 /var/www/html/php/trip/index.php(45): CodeIgniter\CodeIgniter->run()
#9 {main}
CRITICAL - 2020-09-13 22:18:15 --> Unable to connect to the database.
#0 /var/www/html/php/trip/system/Database/BaseConnection.php(646): CodeIgniter\Database\BaseConnection->initialize()
#1 /var/www/html/php/trip/system/Database/BaseBuilder.php(1860): CodeIgniter\Database\BaseConnection->query()
#2 /var/www/html/php/trip/system/Model.php(462): CodeIgniter\Database\BaseBuilder->get()
#3 /var/www/html/php/trip/app/Models/NewsModel.php(13): CodeIgniter\Model->findAll()
#4 /var/www/html/php/trip/app/Controllers/News.php(13): App\Models\NewsModel->getNews()
#5 /var/www/html/php/trip/system/CodeIgniter.php(918): App\Controllers\News->index()
#6 /var/www/html/php/trip/system/CodeIgniter.php(404): CodeIgniter\CodeIgniter->runController()
#7 /var/www/html/php/trip/system/CodeIgniter.php(312): CodeIgniter\CodeIgniter->handleRequest()
#8 /var/www/html/php/trip/index.php(45): CodeIgniter\CodeIgniter->run()
#9 {main}
CRITICAL - 2020-09-13 22:18:15 --> Unable to connect to the database.
#0 /var/www/html/php/trip/system/Database/BaseConnection.php(646): CodeIgniter\Database\BaseConnection->initialize()
#1 /var/www/html/php/trip/system/Database/BaseBuilder.php(1860): CodeIgniter\Database\BaseConnection->query()
#2 /var/www/html/php/trip/system/Model.php(462): CodeIgniter\Database\BaseBuilder->get()
#3 /var/www/html/php/trip/app/Models/NewsModel.php(13): CodeIgniter\Model->findAll()
#4 /var/www/html/php/trip/app/Controllers/News.php(13): App\Models\NewsModel->getNews()
#5 /var/www/html/php/trip/system/CodeIgniter.php(918): App\Controllers\News->index()
#6 /var/www/html/php/trip/system/CodeIgniter.php(404): CodeIgniter\CodeIgniter->runController()
#7 /var/www/html/php/trip/system/CodeIgniter.php(312): CodeIgniter\CodeIgniter->handleRequest()
#8 /var/www/html/php/trip/index.php(45): CodeIgniter\CodeIgniter->run()
#9 {main}
CRITICAL - 2020-09-13 22:18:16 --> Unable to connect to the database.
#0 /var/www/html/php/trip/system/Database/BaseConnection.php(646): CodeIgniter\Database\BaseConnection->initialize()
#1 /var/www/html/php/trip/system/Database/BaseBuilder.php(1860): CodeIgniter\Database\BaseConnection->query()
#2 /var/www/html/php/trip/system/Model.php(462): CodeIgniter\Database\BaseBuilder->get()
#3 /var/www/html/php/trip/app/Models/NewsModel.php(13): CodeIgniter\Model->findAll()
#4 /var/www/html/php/trip/app/Controllers/News.php(13): App\Models\NewsModel->getNews()
#5 /var/www/html/php/trip/system/CodeIgniter.php(918): App\Controllers\News->index()
#6 /var/www/html/php/trip/system/CodeIgniter.php(404): CodeIgniter\CodeIgniter->runController()
#7 /var/www/html/php/trip/system/CodeIgniter.php(312): CodeIgniter\CodeIgniter->handleRequest()
#8 /var/www/html/php/trip/index.php(45): CodeIgniter\CodeIgniter->run()
#9 {main}
CRITICAL - 2020-09-13 22:18:16 --> Unable to connect to the database.
#0 /var/www/html/php/trip/system/Database/BaseConnection.php(646): CodeIgniter\Database\BaseConnection->initialize()
#1 /var/www/html/php/trip/system/Database/BaseBuilder.php(1860): CodeIgniter\Database\BaseConnection->query()
#2 /var/www/html/php/trip/system/Model.php(462): CodeIgniter\Database\BaseBuilder->get()
#3 /var/www/html/php/trip/app/Models/NewsModel.php(13): CodeIgniter\Model->findAll()
#4 /var/www/html/php/trip/app/Controllers/News.php(13): App\Models\NewsModel->getNews()
#5 /var/www/html/php/trip/system/CodeIgniter.php(918): App\Controllers\News->index()
#6 /var/www/html/php/trip/system/CodeIgniter.php(404): CodeIgniter\CodeIgniter->runController()
#7 /var/www/html/php/trip/system/CodeIgniter.php(312): CodeIgniter\CodeIgniter->handleRequest()
#8 /var/www/html/php/trip/index.php(45): CodeIgniter\CodeIgniter->run()
#9 {main}
CRITICAL - 2020-09-13 19:27:05 --> Unable to connect to the database.
#0 /var/www/html/php/trip/system/Database/BaseConnection.php(646): CodeIgniter\Database\BaseConnection->initialize()
#1 /var/www/html/php/trip/system/Database/BaseBuilder.php(1860): CodeIgniter\Database\BaseConnection->query()
#2 /var/www/html/php/trip/system/Model.php(462): CodeIgniter\Database\BaseBuilder->get()
#3 /var/www/html/php/trip/app/Models/NewsModel.php(13): CodeIgniter\Model->findAll()
#4 /var/www/html/php/trip/app/Controllers/News.php(13): App\Models\NewsModel->getNews()
#5 /var/www/html/php/trip/system/CodeIgniter.php(918): App\Controllers\News->index()
#6 /var/www/html/php/trip/system/CodeIgniter.php(404): CodeIgniter\CodeIgniter->runController()
#7 /var/www/html/php/trip/system/CodeIgniter.php(312): CodeIgniter\CodeIgniter->handleRequest()
#8 /var/www/html/php/trip/public/index.php(45): CodeIgniter\CodeIgniter->run()
#9 {main}
CRITICAL - 2020-09-13 20:05:53 --> Unable to connect to the database.
#0 /var/www/html/php/trip/system/Database/BaseConnection.php(646): CodeIgniter\Database\BaseConnection->initialize()
#1 /var/www/html/php/trip/system/Database/BaseBuilder.php(1860): CodeIgniter\Database\BaseConnection->query()
#2 /var/www/html/php/trip/system/Model.php(462): CodeIgniter\Database\BaseBuilder->get()
#3 /var/www/html/php/trip/app/Models/NewsModel.php(13): CodeIgniter\Model->findAll()
#4 /var/www/html/php/trip/app/Controllers/News.php(13): App\Models\NewsModel->getNews()
#5 /var/www/html/php/trip/system/CodeIgniter.php(918): App\Controllers\News->index()
#6 /var/www/html/php/trip/system/CodeIgniter.php(404): CodeIgniter\CodeIgniter->runController()
#7 /var/www/html/php/trip/system/CodeIgniter.php(312): CodeIgniter\CodeIgniter->handleRequest()
#8 /var/www/html/php/trip/public/index.php(45): CodeIgniter\CodeIgniter->run()
#9 {main}
CRITICAL - 2020-09-13 20:05:54 --> Unable to connect to the database.
#0 /var/www/html/php/trip/system/Database/BaseConnection.php(646): CodeIgniter\Database\BaseConnection->initialize()
#1 /var/www/html/php/trip/system/Database/BaseBuilder.php(1860): CodeIgniter\Database\BaseConnection->query()
#2 /var/www/html/php/trip/system/Model.php(462): CodeIgniter\Database\BaseBuilder->get()
#3 /var/www/html/php/trip/app/Models/NewsModel.php(13): CodeIgniter\Model->findAll()
#4 /var/www/html/php/trip/app/Controllers/News.php(13): App\Models\NewsModel->getNews()
#5 /var/www/html/php/trip/system/CodeIgniter.php(918): App\Controllers\News->index()
#6 /var/www/html/php/trip/system/CodeIgniter.php(404): CodeIgniter\CodeIgniter->runController()
#7 /var/www/html/php/trip/system/CodeIgniter.php(312): CodeIgniter\CodeIgniter->handleRequest()
#8 /var/www/html/php/trip/public/index.php(45): CodeIgniter\CodeIgniter->run()
#9 {main}
CRITICAL - 2020-09-13 20:05:54 --> Unable to connect to the database.
#0 /var/www/html/php/trip/system/Database/BaseConnection.php(646): CodeIgniter\Database\BaseConnection->initialize()
#1 /var/www/html/php/trip/system/Database/BaseBuilder.php(1860): CodeIgniter\Database\BaseConnection->query()
#2 /var/www/html/php/trip/system/Model.php(462): CodeIgniter\Database\BaseBuilder->get()
#3 /var/www/html/php/trip/app/Models/NewsModel.php(13): CodeIgniter\Model->findAll()
#4 /var/www/html/php/trip/app/Controllers/News.php(13): App\Models\NewsModel->getNews()
#5 /var/www/html/php/trip/system/CodeIgniter.php(918): App\Controllers\News->index()
#6 /var/www/html/php/trip/system/CodeIgniter.php(404): CodeIgniter\CodeIgniter->runController()
#7 /var/www/html/php/trip/system/CodeIgniter.php(312): CodeIgniter\CodeIgniter->handleRequest()
#8 /var/www/html/php/trip/public/index.php(45): CodeIgniter\CodeIgniter->run()
#9 {main}
CRITICAL - 2020-09-13 20:05:54 --> Unable to connect to the database.
#0 /var/www/html/php/trip/system/Database/BaseConnection.php(646): CodeIgniter\Database\BaseConnection->initialize()
#1 /var/www/html/php/trip/system/Database/BaseBuilder.php(1860): CodeIgniter\Database\BaseConnection->query()
#2 /var/www/html/php/trip/system/Model.php(462): CodeIgniter\Database\BaseBuilder->get()
#3 /var/www/html/php/trip/app/Models/NewsModel.php(13): CodeIgniter\Model->findAll()
#4 /var/www/html/php/trip/app/Controllers/News.php(13): App\Models\NewsModel->getNews()
#5 /var/www/html/php/trip/system/CodeIgniter.php(918): App\Controllers\News->index()
#6 /var/www/html/php/trip/system/CodeIgniter.php(404): CodeIgniter\CodeIgniter->runController()
#7 /var/www/html/php/trip/system/CodeIgniter.php(312): CodeIgniter\CodeIgniter->handleRequest()
#8 /var/www/html/php/trip/public/index.php(45): CodeIgniter\CodeIgniter->run()
#9 {main}
CRITICAL - 2020-09-13 20:05:55 --> Unable to connect to the database.
#0 /var/www/html/php/trip/system/Database/BaseConnection.php(646): CodeIgniter\Database\BaseConnection->initialize()
#1 /var/www/html/php/trip/system/Database/BaseBuilder.php(1860): CodeIgniter\Database\BaseConnection->query()
#2 /var/www/html/php/trip/system/Model.php(462): CodeIgniter\Database\BaseBuilder->get()
#3 /var/www/html/php/trip/app/Models/NewsModel.php(13): CodeIgniter\Model->findAll()
#4 /var/www/html/php/trip/app/Controllers/News.php(13): App\Models\NewsModel->getNews()
#5 /var/www/html/php/trip/system/CodeIgniter.php(918): App\Controllers\News->index()
#6 /var/www/html/php/trip/system/CodeIgniter.php(404): CodeIgniter\CodeIgniter->runController()
#7 /var/www/html/php/trip/system/CodeIgniter.php(312): CodeIgniter\CodeIgniter->handleRequest()
#8 /var/www/html/php/trip/public/index.php(45): CodeIgniter\CodeIgniter->run()
#9 {main}
CRITICAL - 2020-09-13 20:05:55 --> Unable to connect to the database.
#0 /var/www/html/php/trip/system/Database/BaseConnection.php(646): CodeIgniter\Database\BaseConnection->initialize()
#1 /var/www/html/php/trip/system/Database/BaseBuilder.php(1860): CodeIgniter\Database\BaseConnection->query()
#2 /var/www/html/php/trip/system/Model.php(462): CodeIgniter\Database\BaseBuilder->get()
#3 /var/www/html/php/trip/app/Models/NewsModel.php(13): CodeIgniter\Model->findAll()
#4 /var/www/html/php/trip/app/Controllers/News.php(13): App\Models\NewsModel->getNews()
#5 /var/www/html/php/trip/system/CodeIgniter.php(918): App\Controllers\News->index()
#6 /var/www/html/php/trip/system/CodeIgniter.php(404): CodeIgniter\CodeIgniter->runController()
#7 /var/www/html/php/trip/system/CodeIgniter.php(312): CodeIgniter\CodeIgniter->handleRequest()
#8 /var/www/html/php/trip/public/index.php(45): CodeIgniter\CodeIgniter->run()
#9 {main}
CRITICAL - 2020-09-13 20:05:55 --> Unable to connect to the database.
#0 /var/www/html/php/trip/system/Database/BaseConnection.php(646): CodeIgniter\Database\BaseConnection->initialize()
#1 /var/www/html/php/trip/system/Database/BaseBuilder.php(1860): CodeIgniter\Database\BaseConnection->query()
#2 /var/www/html/php/trip/system/Model.php(462): CodeIgniter\Database\BaseBuilder->get()
#3 /var/www/html/php/trip/app/Models/NewsModel.php(13): CodeIgniter\Model->findAll()
#4 /var/www/html/php/trip/app/Controllers/News.php(13): App\Models\NewsModel->getNews()
#5 /var/www/html/php/trip/system/CodeIgniter.php(918): App\Controllers\News->index()
#6 /var/www/html/php/trip/system/CodeIgniter.php(404): CodeIgniter\CodeIgniter->runController()
#7 /var/www/html/php/trip/system/CodeIgniter.php(312): CodeIgniter\CodeIgniter->handleRequest()
#8 /var/www/html/php/trip/public/index.php(45): CodeIgniter\CodeIgniter->run()
#9 {main}
CRITICAL - 2020-09-13 20:05:55 --> Unable to connect to the database.
#0 /var/www/html/php/trip/system/Database/BaseConnection.php(646): CodeIgniter\Database\BaseConnection->initialize()
#1 /var/www/html/php/trip/system/Database/BaseBuilder.php(1860): CodeIgniter\Database\BaseConnection->query()
#2 /var/www/html/php/trip/system/Model.php(462): CodeIgniter\Database\BaseBuilder->get()
#3 /var/www/html/php/trip/app/Models/NewsModel.php(13): CodeIgniter\Model->findAll()
#4 /var/www/html/php/trip/app/Controllers/News.php(13): App\Models\NewsModel->getNews()
#5 /var/www/html/php/trip/system/CodeIgniter.php(918): App\Controllers\News->index()
#6 /var/www/html/php/trip/system/CodeIgniter.php(404): CodeIgniter\CodeIgniter->runController()
#7 /var/www/html/php/trip/system/CodeIgniter.php(312): CodeIgniter\CodeIgniter->handleRequest()
#8 /var/www/html/php/trip/public/index.php(45): CodeIgniter\CodeIgniter->run()
#9 {main}
CRITICAL - 2020-09-13 20:05:56 --> Unable to connect to the database.
#0 /var/www/html/php/trip/system/Database/BaseConnection.php(646): CodeIgniter\Database\BaseConnection->initialize()
#1 /var/www/html/php/trip/system/Database/BaseBuilder.php(1860): CodeIgniter\Database\BaseConnection->query()
#2 /var/www/html/php/trip/system/Model.php(462): CodeIgniter\Database\BaseBuilder->get()
#3 /var/www/html/php/trip/app/Models/NewsModel.php(13): CodeIgniter\Model->findAll()
#4 /var/www/html/php/trip/app/Controllers/News.php(13): App\Models\NewsModel->getNews()
#5 /var/www/html/php/trip/system/CodeIgniter.php(918): App\Controllers\News->index()
#6 /var/www/html/php/trip/system/CodeIgniter.php(404): CodeIgniter\CodeIgniter->runController()
#7 /var/www/html/php/trip/system/CodeIgniter.php(312): CodeIgniter\CodeIgniter->handleRequest()
#8 /var/www/html/php/trip/public/index.php(45): CodeIgniter\CodeIgniter->run()
#9 {main}
CRITICAL - 2020-09-13 20:05:56 --> Unable to connect to the database.
#0 /var/www/html/php/trip/system/Database/BaseConnection.php(646): CodeIgniter\Database\BaseConnection->initialize()
#1 /var/www/html/php/trip/system/Database/BaseBuilder.php(1860): CodeIgniter\Database\BaseConnection->query()
#2 /var/www/html/php/trip/system/Model.php(462): CodeIgniter\Database\BaseBuilder->get()
#3 /var/www/html/php/trip/app/Models/NewsModel.php(13): CodeIgniter\Model->findAll()
#4 /var/www/html/php/trip/app/Controllers/News.php(13): App\Models\NewsModel->getNews()
#5 /var/www/html/php/trip/system/CodeIgniter.php(918): App\Controllers\News->index()
#6 /var/www/html/php/trip/system/CodeIgniter.php(404): CodeIgniter\CodeIgniter->runController()
#7 /var/www/html/php/trip/system/CodeIgniter.php(312): CodeIgniter\CodeIgniter->handleRequest()
#8 /var/www/html/php/trip/public/index.php(45): CodeIgniter\CodeIgniter->run()
#9 {main}
CRITICAL - 2020-09-13 20:05:56 --> Unable to connect to the database.
#0 /var/www/html/php/trip/system/Database/BaseConnection.php(646): CodeIgniter\Database\BaseConnection->initialize()
#1 /var/www/html/php/trip/system/Database/BaseBuilder.php(1860): CodeIgniter\Database\BaseConnection->query()
#2 /var/www/html/php/trip/system/Model.php(462): CodeIgniter\Database\BaseBuilder->get()
#3 /var/www/html/php/trip/app/Models/NewsModel.php(13): CodeIgniter\Model->findAll()
#4 /var/www/html/php/trip/app/Controllers/News.php(13): App\Models\NewsModel->getNews()
#5 /var/www/html/php/trip/system/CodeIgniter.php(918): App\Controllers\News->index()
#6 /var/www/html/php/trip/system/CodeIgniter.php(404): CodeIgniter\CodeIgniter->runController()
#7 /var/www/html/php/trip/system/CodeIgniter.php(312): CodeIgniter\CodeIgniter->handleRequest()
#8 /var/www/html/php/trip/public/index.php(45): CodeIgniter\CodeIgniter->run()
#9 {main}
