CRITICAL - 2020-09-16 20:12:15 --> Undefined property: CodeIgniter\View\View::$uri
#0 /var/www/html/php/trip/app/Views/_layout/index.php(35): CodeIgniter\Debug\Exceptions->errorHandler()
#1 /var/www/html/php/trip/system/View/View.php(246): include('/var/www/html/p...')
#2 /var/www/html/php/trip/system/View/View.php(257): CodeIgniter\View\View->render()
#3 /var/www/html/php/trip/system/Common.php(1119): CodeIgniter\View\View->render()
#4 /var/www/html/php/trip/app/Controllers/BaseController.php(72): view()
#5 /var/www/html/php/trip/app/Controllers/Home.php(8): App\Controllers\BaseController->view()
#6 /var/www/html/php/trip/system/CodeIgniter.php(918): App\Controllers\Home->index()
#7 /var/www/html/php/trip/system/CodeIgniter.php(404): CodeIgniter\CodeIgniter->runController()
#8 /var/www/html/php/trip/system/CodeIgniter.php(312): CodeIgniter\CodeIgniter->handleRequest()
#9 /var/www/html/php/trip/public/index.php(45): CodeIgniter\CodeIgniter->run()
#10 {main}
CRITICAL - 2020-09-16 20:19:59 --> Call to undefined method CodeIgniter\HTTP\URI::segment()
#0 /var/www/html/php/trip/system/View/View.php(246): include()
#1 /var/www/html/php/trip/system/View/View.php(257): CodeIgniter\View\View->render()
#2 /var/www/html/php/trip/system/Common.php(1119): CodeIgniter\View\View->render()
#3 /var/www/html/php/trip/app/Controllers/BaseController.php(72): view()
#4 /var/www/html/php/trip/app/Controllers/Home.php(8): App\Controllers\BaseController->view()
#5 /var/www/html/php/trip/system/CodeIgniter.php(918): App\Controllers\Home->index()
#6 /var/www/html/php/trip/system/CodeIgniter.php(404): CodeIgniter\CodeIgniter->runController()
#7 /var/www/html/php/trip/system/CodeIgniter.php(312): CodeIgniter\CodeIgniter->handleRequest()
#8 /var/www/html/php/trip/public/index.php(45): CodeIgniter\CodeIgniter->run()
#9 {main}
CRITICAL - 2020-09-16 20:20:31 --> Undefined property: CodeIgniter\View\View::$session
#0 /var/www/html/php/trip/app/Views/_layout/index.php(43): CodeIgniter\Debug\Exceptions->errorHandler()
#1 /var/www/html/php/trip/system/View/View.php(246): include('/var/www/html/p...')
#2 /var/www/html/php/trip/system/View/View.php(257): CodeIgniter\View\View->render()
#3 /var/www/html/php/trip/system/Common.php(1119): CodeIgniter\View\View->render()
#4 /var/www/html/php/trip/app/Controllers/BaseController.php(72): view()
#5 /var/www/html/php/trip/app/Controllers/Home.php(8): App\Controllers\BaseController->view()
#6 /var/www/html/php/trip/system/CodeIgniter.php(918): App\Controllers\Home->index()
#7 /var/www/html/php/trip/system/CodeIgniter.php(404): CodeIgniter\CodeIgniter->runController()
#8 /var/www/html/php/trip/system/CodeIgniter.php(312): CodeIgniter\CodeIgniter->handleRequest()
#9 /var/www/html/php/trip/public/index.php(45): CodeIgniter\CodeIgniter->run()
#10 {main}
CRITICAL - 2020-09-16 20:21:09 --> Undefined property: CodeIgniter\View\View::$session
#0 /var/www/html/php/trip/app/Views/_layout/index.php(55): CodeIgniter\Debug\Exceptions->errorHandler()
#1 /var/www/html/php/trip/system/View/View.php(246): include('/var/www/html/p...')
#2 /var/www/html/php/trip/system/View/View.php(257): CodeIgniter\View\View->render()
#3 /var/www/html/php/trip/system/Common.php(1119): CodeIgniter\View\View->render()
#4 /var/www/html/php/trip/app/Controllers/BaseController.php(72): view()
#5 /var/www/html/php/trip/app/Controllers/Home.php(8): App\Controllers\BaseController->view()
#6 /var/www/html/php/trip/system/CodeIgniter.php(918): App\Controllers\Home->index()
#7 /var/www/html/php/trip/system/CodeIgniter.php(404): CodeIgniter\CodeIgniter->runController()
#8 /var/www/html/php/trip/system/CodeIgniter.php(312): CodeIgniter\CodeIgniter->handleRequest()
#9 /var/www/html/php/trip/public/index.php(45): CodeIgniter\CodeIgniter->run()
#10 {main}
