CRITICAL - 2020-09-12 00:00:10 --> Invalid file: index.php
#0 /var/www/html/php/trip/system/View/View.php(228): CodeIgniter\Exceptions\FrameworkException::forInvalidFile()
#1 /var/www/html/php/trip/system/Common.php(1119): CodeIgniter\View\View->render()
#2 /var/www/html/php/trip/app/Controllers/Home.php(7): view()
#3 /var/www/html/php/trip/system/CodeIgniter.php(918): App\Controllers\Home->index()
#4 /var/www/html/php/trip/system/CodeIgniter.php(404): CodeIgniter\CodeIgniter->runController()
#5 /var/www/html/php/trip/system/CodeIgniter.php(312): CodeIgniter\CodeIgniter->handleRequest()
#6 /var/www/html/php/trip/public/index.php(45): CodeIgniter\CodeIgniter->run()
#7 {main}
CRITICAL - 2020-09-12 00:00:12 --> Invalid file: index.php
#0 /var/www/html/php/trip/system/View/View.php(228): CodeIgniter\Exceptions\FrameworkException::forInvalidFile()
#1 /var/www/html/php/trip/system/Common.php(1119): CodeIgniter\View\View->render()
#2 /var/www/html/php/trip/app/Controllers/Home.php(7): view()
#3 /var/www/html/php/trip/system/CodeIgniter.php(918): App\Controllers\Home->index()
#4 /var/www/html/php/trip/system/CodeIgniter.php(404): CodeIgniter\CodeIgniter->runController()
#5 /var/www/html/php/trip/system/CodeIgniter.php(312): CodeIgniter\CodeIgniter->handleRequest()
#6 /var/www/html/php/trip/public/index.php(45): CodeIgniter\CodeIgniter->run()
#7 {main}
CRITICAL - 2020-09-12 00:00:13 --> Invalid file: index.php
#0 /var/www/html/php/trip/system/View/View.php(228): CodeIgniter\Exceptions\FrameworkException::forInvalidFile()
#1 /var/www/html/php/trip/system/Common.php(1119): CodeIgniter\View\View->render()
#2 /var/www/html/php/trip/app/Controllers/Home.php(7): view()
#3 /var/www/html/php/trip/system/CodeIgniter.php(918): App\Controllers\Home->index()
#4 /var/www/html/php/trip/system/CodeIgniter.php(404): CodeIgniter\CodeIgniter->runController()
#5 /var/www/html/php/trip/system/CodeIgniter.php(312): CodeIgniter\CodeIgniter->handleRequest()
#6 /var/www/html/php/trip/public/index.php(45): CodeIgniter\CodeIgniter->run()
#7 {main}
CRITICAL - 2020-09-12 00:00:26 --> Invalid file: index.php
#0 /var/www/html/php/trip/system/View/View.php(228): CodeIgniter\Exceptions\FrameworkException::forInvalidFile()
#1 /var/www/html/php/trip/system/Common.php(1119): CodeIgniter\View\View->render()
#2 /var/www/html/php/trip/app/Controllers/Home.php(7): view()
#3 /var/www/html/php/trip/system/CodeIgniter.php(918): App\Controllers\Home->index()
#4 /var/www/html/php/trip/system/CodeIgniter.php(404): CodeIgniter\CodeIgniter->runController()
#5 /var/www/html/php/trip/system/CodeIgniter.php(312): CodeIgniter\CodeIgniter->handleRequest()
#6 /var/www/html/php/trip/public/index.php(45): CodeIgniter\CodeIgniter->run()
#7 {main}
CRITICAL - 2020-09-12 00:00:27 --> Invalid file: index.php
#0 /var/www/html/php/trip/system/View/View.php(228): CodeIgniter\Exceptions\FrameworkException::forInvalidFile()
#1 /var/www/html/php/trip/system/Common.php(1119): CodeIgniter\View\View->render()
#2 /var/www/html/php/trip/app/Controllers/Home.php(7): view()
#3 /var/www/html/php/trip/system/CodeIgniter.php(918): App\Controllers\Home->index()
#4 /var/www/html/php/trip/system/CodeIgniter.php(404): CodeIgniter\CodeIgniter->runController()
#5 /var/www/html/php/trip/system/CodeIgniter.php(312): CodeIgniter\CodeIgniter->handleRequest()
#6 /var/www/html/php/trip/public/index.php(45): CodeIgniter\CodeIgniter->run()
#7 {main}
CRITICAL - 2020-09-12 00:00:38 --> Invalid file: index.php
#0 /var/www/html/php/trip/system/View/View.php(228): CodeIgniter\Exceptions\FrameworkException::forInvalidFile()
#1 /var/www/html/php/trip/system/Common.php(1119): CodeIgniter\View\View->render()
#2 /var/www/html/php/trip/app/Controllers/Home.php(7): view()
#3 /var/www/html/php/trip/system/CodeIgniter.php(918): App\Controllers\Home->index()
#4 /var/www/html/php/trip/system/CodeIgniter.php(404): CodeIgniter\CodeIgniter->runController()
#5 /var/www/html/php/trip/system/CodeIgniter.php(312): CodeIgniter\CodeIgniter->handleRequest()
#6 /var/www/html/php/trip/public/index.php(45): CodeIgniter\CodeIgniter->run()
#7 {main}
CRITICAL - 2020-09-12 00:00:39 --> Invalid file: index.php
#0 /var/www/html/php/trip/system/View/View.php(228): CodeIgniter\Exceptions\FrameworkException::forInvalidFile()
#1 /var/www/html/php/trip/system/Common.php(1119): CodeIgniter\View\View->render()
#2 /var/www/html/php/trip/app/Controllers/Home.php(7): view()
#3 /var/www/html/php/trip/system/CodeIgniter.php(918): App\Controllers\Home->index()
#4 /var/www/html/php/trip/system/CodeIgniter.php(404): CodeIgniter\CodeIgniter->runController()
#5 /var/www/html/php/trip/system/CodeIgniter.php(312): CodeIgniter\CodeIgniter->handleRequest()
#6 /var/www/html/php/trip/public/index.php(45): CodeIgniter\CodeIgniter->run()
#7 {main}
CRITICAL - 2020-09-12 00:00:39 --> Invalid file: index.php
#0 /var/www/html/php/trip/system/View/View.php(228): CodeIgniter\Exceptions\FrameworkException::forInvalidFile()
#1 /var/www/html/php/trip/system/Common.php(1119): CodeIgniter\View\View->render()
#2 /var/www/html/php/trip/app/Controllers/Home.php(7): view()
#3 /var/www/html/php/trip/system/CodeIgniter.php(918): App\Controllers\Home->index()
#4 /var/www/html/php/trip/system/CodeIgniter.php(404): CodeIgniter\CodeIgniter->runController()
#5 /var/www/html/php/trip/system/CodeIgniter.php(312): CodeIgniter\CodeIgniter->handleRequest()
#6 /var/www/html/php/trip/public/index.php(45): CodeIgniter\CodeIgniter->run()
#7 {main}
CRITICAL - 2020-09-12 00:00:39 --> Invalid file: index.php
#0 /var/www/html/php/trip/system/View/View.php(228): CodeIgniter\Exceptions\FrameworkException::forInvalidFile()
#1 /var/www/html/php/trip/system/Common.php(1119): CodeIgniter\View\View->render()
#2 /var/www/html/php/trip/app/Controllers/Home.php(7): view()
#3 /var/www/html/php/trip/system/CodeIgniter.php(918): App\Controllers\Home->index()
#4 /var/www/html/php/trip/system/CodeIgniter.php(404): CodeIgniter\CodeIgniter->runController()
#5 /var/www/html/php/trip/system/CodeIgniter.php(312): CodeIgniter\CodeIgniter->handleRequest()
#6 /var/www/html/php/trip/public/index.php(45): CodeIgniter\CodeIgniter->run()
#7 {main}
CRITICAL - 2020-09-12 00:03:35 --> Invalid file: index.php
#0 /var/www/html/php/trip/system/View/View.php(228): CodeIgniter\Exceptions\FrameworkException::forInvalidFile()
#1 /var/www/html/php/trip/system/Common.php(1119): CodeIgniter\View\View->render()
#2 /var/www/html/php/trip/app/Controllers/Home.php(7): view()
#3 /var/www/html/php/trip/system/CodeIgniter.php(918): App\Controllers\Home->index()
#4 /var/www/html/php/trip/system/CodeIgniter.php(404): CodeIgniter\CodeIgniter->runController()
#5 /var/www/html/php/trip/system/CodeIgniter.php(312): CodeIgniter\CodeIgniter->handleRequest()
#6 /var/www/html/php/trip/public/index.php(45): CodeIgniter\CodeIgniter->run()
#7 {main}
CRITICAL - 2020-09-12 00:07:31 --> Invalid file: index.php
#0 /var/www/html/php/trip/system/View/View.php(228): CodeIgniter\Exceptions\FrameworkException::forInvalidFile()
#1 /var/www/html/php/trip/system/Common.php(1119): CodeIgniter\View\View->render()
#2 /var/www/html/php/trip/app/Controllers/Home.php(7): view()
#3 /var/www/html/php/trip/system/CodeIgniter.php(918): App\Controllers\Home->index()
#4 /var/www/html/php/trip/system/CodeIgniter.php(404): CodeIgniter\CodeIgniter->runController()
#5 /var/www/html/php/trip/system/CodeIgniter.php(312): CodeIgniter\CodeIgniter->handleRequest()
#6 /var/www/html/php/trip/public/index.php(45): CodeIgniter\CodeIgniter->run()
#7 {main}
CRITICAL - 2020-09-12 00:07:31 --> Invalid file: index.php
#0 /var/www/html/php/trip/system/View/View.php(228): CodeIgniter\Exceptions\FrameworkException::forInvalidFile()
#1 /var/www/html/php/trip/system/Common.php(1119): CodeIgniter\View\View->render()
#2 /var/www/html/php/trip/app/Controllers/Home.php(7): view()
#3 /var/www/html/php/trip/system/CodeIgniter.php(918): App\Controllers\Home->index()
#4 /var/www/html/php/trip/system/CodeIgniter.php(404): CodeIgniter\CodeIgniter->runController()
#5 /var/www/html/php/trip/system/CodeIgniter.php(312): CodeIgniter\CodeIgniter->handleRequest()
#6 /var/www/html/php/trip/public/index.php(45): CodeIgniter\CodeIgniter->run()
#7 {main}
CRITICAL - 2020-09-12 00:07:31 --> Invalid file: index.php
#0 /var/www/html/php/trip/system/View/View.php(228): CodeIgniter\Exceptions\FrameworkException::forInvalidFile()
#1 /var/www/html/php/trip/system/Common.php(1119): CodeIgniter\View\View->render()
#2 /var/www/html/php/trip/app/Controllers/Home.php(7): view()
#3 /var/www/html/php/trip/system/CodeIgniter.php(918): App\Controllers\Home->index()
#4 /var/www/html/php/trip/system/CodeIgniter.php(404): CodeIgniter\CodeIgniter->runController()
#5 /var/www/html/php/trip/system/CodeIgniter.php(312): CodeIgniter\CodeIgniter->handleRequest()
#6 /var/www/html/php/trip/public/index.php(45): CodeIgniter\CodeIgniter->run()
#7 {main}
CRITICAL - 2020-09-12 00:07:32 --> Invalid file: index.php
#0 /var/www/html/php/trip/system/View/View.php(228): CodeIgniter\Exceptions\FrameworkException::forInvalidFile()
#1 /var/www/html/php/trip/system/Common.php(1119): CodeIgniter\View\View->render()
#2 /var/www/html/php/trip/app/Controllers/Home.php(7): view()
#3 /var/www/html/php/trip/system/CodeIgniter.php(918): App\Controllers\Home->index()
#4 /var/www/html/php/trip/system/CodeIgniter.php(404): CodeIgniter\CodeIgniter->runController()
#5 /var/www/html/php/trip/system/CodeIgniter.php(312): CodeIgniter\CodeIgniter->handleRequest()
#6 /var/www/html/php/trip/public/index.php(45): CodeIgniter\CodeIgniter->run()
#7 {main}
CRITICAL - 2020-09-12 00:07:32 --> Invalid file: index.php
#0 /var/www/html/php/trip/system/View/View.php(228): CodeIgniter\Exceptions\FrameworkException::forInvalidFile()
#1 /var/www/html/php/trip/system/Common.php(1119): CodeIgniter\View\View->render()
#2 /var/www/html/php/trip/app/Controllers/Home.php(7): view()
#3 /var/www/html/php/trip/system/CodeIgniter.php(918): App\Controllers\Home->index()
#4 /var/www/html/php/trip/system/CodeIgniter.php(404): CodeIgniter\CodeIgniter->runController()
#5 /var/www/html/php/trip/system/CodeIgniter.php(312): CodeIgniter\CodeIgniter->handleRequest()
#6 /var/www/html/php/trip/public/index.php(45): CodeIgniter\CodeIgniter->run()
#7 {main}
CRITICAL - 2020-09-12 00:07:32 --> Invalid file: index.php
#0 /var/www/html/php/trip/system/View/View.php(228): CodeIgniter\Exceptions\FrameworkException::forInvalidFile()
#1 /var/www/html/php/trip/system/Common.php(1119): CodeIgniter\View\View->render()
#2 /var/www/html/php/trip/app/Controllers/Home.php(7): view()
#3 /var/www/html/php/trip/system/CodeIgniter.php(918): App\Controllers\Home->index()
#4 /var/www/html/php/trip/system/CodeIgniter.php(404): CodeIgniter\CodeIgniter->runController()
#5 /var/www/html/php/trip/system/CodeIgniter.php(312): CodeIgniter\CodeIgniter->handleRequest()
#6 /var/www/html/php/trip/public/index.php(45): CodeIgniter\CodeIgniter->run()
#7 {main}
CRITICAL - 2020-09-12 00:07:32 --> Invalid file: index.php
#0 /var/www/html/php/trip/system/View/View.php(228): CodeIgniter\Exceptions\FrameworkException::forInvalidFile()
#1 /var/www/html/php/trip/system/Common.php(1119): CodeIgniter\View\View->render()
#2 /var/www/html/php/trip/app/Controllers/Home.php(7): view()
#3 /var/www/html/php/trip/system/CodeIgniter.php(918): App\Controllers\Home->index()
#4 /var/www/html/php/trip/system/CodeIgniter.php(404): CodeIgniter\CodeIgniter->runController()
#5 /var/www/html/php/trip/system/CodeIgniter.php(312): CodeIgniter\CodeIgniter->handleRequest()
#6 /var/www/html/php/trip/public/index.php(45): CodeIgniter\CodeIgniter->run()
#7 {main}
CRITICAL - 2020-09-12 00:07:32 --> Invalid file: index.php
#0 /var/www/html/php/trip/system/View/View.php(228): CodeIgniter\Exceptions\FrameworkException::forInvalidFile()
#1 /var/www/html/php/trip/system/Common.php(1119): CodeIgniter\View\View->render()
#2 /var/www/html/php/trip/app/Controllers/Home.php(7): view()
#3 /var/www/html/php/trip/system/CodeIgniter.php(918): App\Controllers\Home->index()
#4 /var/www/html/php/trip/system/CodeIgniter.php(404): CodeIgniter\CodeIgniter->runController()
#5 /var/www/html/php/trip/system/CodeIgniter.php(312): CodeIgniter\CodeIgniter->handleRequest()
#6 /var/www/html/php/trip/public/index.php(45): CodeIgniter\CodeIgniter->run()
#7 {main}
CRITICAL - 2020-09-12 00:07:33 --> Invalid file: index.php
#0 /var/www/html/php/trip/system/View/View.php(228): CodeIgniter\Exceptions\FrameworkException::forInvalidFile()
#1 /var/www/html/php/trip/system/Common.php(1119): CodeIgniter\View\View->render()
#2 /var/www/html/php/trip/app/Controllers/Home.php(7): view()
#3 /var/www/html/php/trip/system/CodeIgniter.php(918): App\Controllers\Home->index()
#4 /var/www/html/php/trip/system/CodeIgniter.php(404): CodeIgniter\CodeIgniter->runController()
#5 /var/www/html/php/trip/system/CodeIgniter.php(312): CodeIgniter\CodeIgniter->handleRequest()
#6 /var/www/html/php/trip/public/index.php(45): CodeIgniter\CodeIgniter->run()
#7 {main}
CRITICAL - 2020-09-12 00:07:33 --> Invalid file: index.php
#0 /var/www/html/php/trip/system/View/View.php(228): CodeIgniter\Exceptions\FrameworkException::forInvalidFile()
#1 /var/www/html/php/trip/system/Common.php(1119): CodeIgniter\View\View->render()
#2 /var/www/html/php/trip/app/Controllers/Home.php(7): view()
#3 /var/www/html/php/trip/system/CodeIgniter.php(918): App\Controllers\Home->index()
#4 /var/www/html/php/trip/system/CodeIgniter.php(404): CodeIgniter\CodeIgniter->runController()
#5 /var/www/html/php/trip/system/CodeIgniter.php(312): CodeIgniter\CodeIgniter->handleRequest()
#6 /var/www/html/php/trip/public/index.php(45): CodeIgniter\CodeIgniter->run()
#7 {main}
CRITICAL - 2020-09-12 00:07:33 --> Invalid file: index.php
#0 /var/www/html/php/trip/system/View/View.php(228): CodeIgniter\Exceptions\FrameworkException::forInvalidFile()
#1 /var/www/html/php/trip/system/Common.php(1119): CodeIgniter\View\View->render()
#2 /var/www/html/php/trip/app/Controllers/Home.php(7): view()
#3 /var/www/html/php/trip/system/CodeIgniter.php(918): App\Controllers\Home->index()
#4 /var/www/html/php/trip/system/CodeIgniter.php(404): CodeIgniter\CodeIgniter->runController()
#5 /var/www/html/php/trip/system/CodeIgniter.php(312): CodeIgniter\CodeIgniter->handleRequest()
#6 /var/www/html/php/trip/public/index.php(45): CodeIgniter\CodeIgniter->run()
#7 {main}
CRITICAL - 2020-09-12 00:45:58 --> Invalid file: layut.php
#0 /var/www/html/php/trip/system/View/View.php(228): CodeIgniter\Exceptions\FrameworkException::forInvalidFile()
#1 /var/www/html/php/trip/system/View/View.php(257): CodeIgniter\View\View->render()
#2 /var/www/html/php/trip/system/Common.php(1119): CodeIgniter\View\View->render()
#3 /var/www/html/php/trip/app/Controllers/Home.php(7): view()
#4 /var/www/html/php/trip/system/CodeIgniter.php(918): App\Controllers\Home->index()
#5 /var/www/html/php/trip/system/CodeIgniter.php(404): CodeIgniter\CodeIgniter->runController()
#6 /var/www/html/php/trip/system/CodeIgniter.php(312): CodeIgniter\CodeIgniter->handleRequest()
#7 /var/www/html/php/trip/public/index.php(45): CodeIgniter\CodeIgniter->run()
#8 {main}
CRITICAL - 2020-09-12 00:45:58 --> Invalid file: layut.php
#0 /var/www/html/php/trip/system/View/View.php(228): CodeIgniter\Exceptions\FrameworkException::forInvalidFile()
#1 /var/www/html/php/trip/system/View/View.php(257): CodeIgniter\View\View->render()
#2 /var/www/html/php/trip/system/Common.php(1119): CodeIgniter\View\View->render()
#3 /var/www/html/php/trip/app/Controllers/Home.php(7): view()
#4 /var/www/html/php/trip/system/CodeIgniter.php(918): App\Controllers\Home->index()
#5 /var/www/html/php/trip/system/CodeIgniter.php(404): CodeIgniter\CodeIgniter->runController()
#6 /var/www/html/php/trip/system/CodeIgniter.php(312): CodeIgniter\CodeIgniter->handleRequest()
#7 /var/www/html/php/trip/public/index.php(45): CodeIgniter\CodeIgniter->run()
#8 {main}
CRITICAL - 2020-09-12 00:47:18 --> Invalid file: layayout.php
#0 /var/www/html/php/trip/system/View/View.php(228): CodeIgniter\Exceptions\FrameworkException::forInvalidFile()
#1 /var/www/html/php/trip/system/View/View.php(257): CodeIgniter\View\View->render()
#2 /var/www/html/php/trip/system/Common.php(1119): CodeIgniter\View\View->render()
#3 /var/www/html/php/trip/app/Controllers/Home.php(7): view()
#4 /var/www/html/php/trip/system/CodeIgniter.php(918): App\Controllers\Home->index()
#5 /var/www/html/php/trip/system/CodeIgniter.php(404): CodeIgniter\CodeIgniter->runController()
#6 /var/www/html/php/trip/system/CodeIgniter.php(312): CodeIgniter\CodeIgniter->handleRequest()
#7 /var/www/html/php/trip/public/index.php(45): CodeIgniter\CodeIgniter->run()
#8 {main}
CRITICAL - 2020-09-12 03:13:11 --> Undefined variable: uri
#0 /var/www/html/php/trip/app/Controllers/BaseController.php(61): CodeIgniter\Debug\Exceptions->errorHandler()
#1 /var/www/html/php/trip/app/Controllers/Home.php(7): App\Controllers\BaseController->view()
#2 /var/www/html/php/trip/system/CodeIgniter.php(918): App\Controllers\Home->index()
#3 /var/www/html/php/trip/system/CodeIgniter.php(404): CodeIgniter\CodeIgniter->runController()
#4 /var/www/html/php/trip/system/CodeIgniter.php(312): CodeIgniter\CodeIgniter->handleRequest()
#5 /var/www/html/php/trip/public/index.php(45): CodeIgniter\CodeIgniter->run()
#6 {main}
CRITICAL - 2020-09-12 03:17:28 --> Illegal string offset 'data'
#0 /var/www/html/php/trip/app/Controllers/BaseController.php(67): CodeIgniter\Debug\Exceptions->errorHandler()
#1 /var/www/html/php/trip/app/Controllers/Home.php(7): App\Controllers\BaseController->view()
#2 /var/www/html/php/trip/system/CodeIgniter.php(918): App\Controllers\Home->index()
#3 /var/www/html/php/trip/system/CodeIgniter.php(404): CodeIgniter\CodeIgniter->runController()
#4 /var/www/html/php/trip/system/CodeIgniter.php(312): CodeIgniter\CodeIgniter->handleRequest()
#5 /var/www/html/php/trip/public/index.php(45): CodeIgniter\CodeIgniter->run()
#6 {main}
CRITICAL - 2020-09-12 03:17:59 --> Call to undefined function App\Controllers\setData()
#0 /var/www/html/php/trip/app/Controllers/Home.php(7): App\Controllers\BaseController->view()
#1 /var/www/html/php/trip/system/CodeIgniter.php(918): App\Controllers\Home->index()
#2 /var/www/html/php/trip/system/CodeIgniter.php(404): CodeIgniter\CodeIgniter->runController()
#3 /var/www/html/php/trip/system/CodeIgniter.php(312): CodeIgniter\CodeIgniter->handleRequest()
#4 /var/www/html/php/trip/public/index.php(45): CodeIgniter\CodeIgniter->run()
#5 {main}
CRITICAL - 2020-09-12 03:19:27 --> Call to undefined function App\Controllers\setData()
#0 /var/www/html/php/trip/app/Controllers/Home.php(7): App\Controllers\BaseController->view()
#1 /var/www/html/php/trip/system/CodeIgniter.php(918): App\Controllers\Home->index()
#2 /var/www/html/php/trip/system/CodeIgniter.php(404): CodeIgniter\CodeIgniter->runController()
#3 /var/www/html/php/trip/system/CodeIgniter.php(312): CodeIgniter\CodeIgniter->handleRequest()
#4 /var/www/html/php/trip/public/index.php(45): CodeIgniter\CodeIgniter->run()
#5 {main}
CRITICAL - 2020-09-12 03:35:34 --> Undefined property: CodeIgniter\Autoloader\Autoloader::$load
#0 /var/www/html/php/trip/app/Controllers/BaseController.php(18): CodeIgniter\Debug\Exceptions->errorHandler()
#1 /var/www/html/php/trip/system/Autoloader/Autoloader.php(365): require_once('/var/www/html/p...')
#2 /var/www/html/php/trip/system/Autoloader/Autoloader.php(296): CodeIgniter\Autoloader\Autoloader->requireFile()
#3 /var/www/html/php/trip/system/Autoloader/Autoloader.php(258): CodeIgniter\Autoloader\Autoloader->loadInNamespace()
#4 [internal function]: CodeIgniter\Autoloader\Autoloader->loadClass()
#5 /var/www/html/php/trip/app/Controllers/Home.php(3): spl_autoload_call()
#6 /var/www/html/php/trip/system/Autoloader/Autoloader.php(365): require_once('/var/www/html/p...')
#7 /var/www/html/php/trip/system/Autoloader/Autoloader.php(296): CodeIgniter\Autoloader\Autoloader->requireFile()
#8 /var/www/html/php/trip/system/Autoloader/Autoloader.php(258): CodeIgniter\Autoloader\Autoloader->loadInNamespace()
#9 [internal function]: CodeIgniter\Autoloader\Autoloader->loadClass()
#10 [internal function]: spl_autoload_call()
#11 /var/www/html/php/trip/system/CodeIgniter.php(869): class_exists()
#12 /var/www/html/php/trip/system/CodeIgniter.php(394): CodeIgniter\CodeIgniter->startController()
#13 /var/www/html/php/trip/system/CodeIgniter.php(312): CodeIgniter\CodeIgniter->handleRequest()
#14 /var/www/html/php/trip/public/index.php(45): CodeIgniter\CodeIgniter->run()
#15 {main}
CRITICAL - 2020-09-12 03:39:14 --> Call to undefined function App\Controllers\setData()
#0 /var/www/html/php/trip/app/Controllers/Home.php(7): App\Controllers\BaseController->view()
#1 /var/www/html/php/trip/system/CodeIgniter.php(918): App\Controllers\Home->index()
#2 /var/www/html/php/trip/system/CodeIgniter.php(404): CodeIgniter\CodeIgniter->runController()
#3 /var/www/html/php/trip/system/CodeIgniter.php(312): CodeIgniter\CodeIgniter->handleRequest()
#4 /var/www/html/php/trip/public/index.php(45): CodeIgniter\CodeIgniter->run()
#5 {main}
CRITICAL - 2020-09-12 03:40:46 --> Call to undefined function App\Controllers\setData()
#0 /var/www/html/php/trip/app/Controllers/Home.php(7): App\Controllers\BaseController->view()
#1 /var/www/html/php/trip/system/CodeIgniter.php(918): App\Controllers\Home->index()
#2 /var/www/html/php/trip/system/CodeIgniter.php(404): CodeIgniter\CodeIgniter->runController()
#3 /var/www/html/php/trip/system/CodeIgniter.php(312): CodeIgniter\CodeIgniter->handleRequest()
#4 /var/www/html/php/trip/public/index.php(45): CodeIgniter\CodeIgniter->run()
#5 {main}
CRITICAL - 2020-09-12 03:42:39 --> Undefined property: CodeIgniter\Autoloader\Autoloader::$load
#0 /var/www/html/php/trip/app/Controllers/BaseController.php(18): CodeIgniter\Debug\Exceptions->errorHandler()
#1 /var/www/html/php/trip/system/Autoloader/Autoloader.php(365): require_once('/var/www/html/p...')
#2 /var/www/html/php/trip/system/Autoloader/Autoloader.php(296): CodeIgniter\Autoloader\Autoloader->requireFile()
#3 /var/www/html/php/trip/system/Autoloader/Autoloader.php(258): CodeIgniter\Autoloader\Autoloader->loadInNamespace()
#4 [internal function]: CodeIgniter\Autoloader\Autoloader->loadClass()
#5 /var/www/html/php/trip/app/Controllers/Home.php(3): spl_autoload_call()
#6 /var/www/html/php/trip/system/Autoloader/Autoloader.php(365): require_once('/var/www/html/p...')
#7 /var/www/html/php/trip/system/Autoloader/Autoloader.php(296): CodeIgniter\Autoloader\Autoloader->requireFile()
#8 /var/www/html/php/trip/system/Autoloader/Autoloader.php(258): CodeIgniter\Autoloader\Autoloader->loadInNamespace()
#9 [internal function]: CodeIgniter\Autoloader\Autoloader->loadClass()
#10 [internal function]: spl_autoload_call()
#11 /var/www/html/php/trip/system/CodeIgniter.php(869): class_exists()
#12 /var/www/html/php/trip/system/CodeIgniter.php(394): CodeIgniter\CodeIgniter->startController()
#13 /var/www/html/php/trip/system/CodeIgniter.php(312): CodeIgniter\CodeIgniter->handleRequest()
#14 /var/www/html/php/trip/public/index.php(45): CodeIgniter\CodeIgniter->run()
#15 {main}
CRITICAL - 2020-09-12 03:43:02 --> Call to undefined function App\Controllers\setData()
#0 /var/www/html/php/trip/app/Controllers/Home.php(7): App\Controllers\BaseController->view()
#1 /var/www/html/php/trip/system/CodeIgniter.php(918): App\Controllers\Home->index()
#2 /var/www/html/php/trip/system/CodeIgniter.php(404): CodeIgniter\CodeIgniter->runController()
#3 /var/www/html/php/trip/system/CodeIgniter.php(312): CodeIgniter\CodeIgniter->handleRequest()
#4 /var/www/html/php/trip/public/index.php(45): CodeIgniter\CodeIgniter->run()
#5 {main}
CRITICAL - 2020-09-12 08:39:14 --> Illegal string offset 'data'
#0 /var/www/html/php/trip/app/Controllers/BaseController.php(68): CodeIgniter\Debug\Exceptions->errorHandler()
#1 /var/www/html/php/trip/app/Controllers/Home.php(7): App\Controllers\BaseController->view()
#2 /var/www/html/php/trip/system/CodeIgniter.php(918): App\Controllers\Home->index()
#3 /var/www/html/php/trip/system/CodeIgniter.php(404): CodeIgniter\CodeIgniter->runController()
#4 /var/www/html/php/trip/system/CodeIgniter.php(312): CodeIgniter\CodeIgniter->handleRequest()
#5 /var/www/html/php/trip/public/index.php(45): CodeIgniter\CodeIgniter->run()
#6 {main}
CRITICAL - 2020-09-12 08:41:47 --> Argument 1 passed to view() must be of the type string, array given, called in /var/www/html/php/trip/app/Controllers/BaseController.php on line 74
#0 /var/www/html/php/trip/app/Controllers/BaseController.php(74): view()
#1 /var/www/html/php/trip/app/Controllers/Home.php(7): App\Controllers\BaseController->view()
#2 /var/www/html/php/trip/system/CodeIgniter.php(918): App\Controllers\Home->index()
#3 /var/www/html/php/trip/system/CodeIgniter.php(404): CodeIgniter\CodeIgniter->runController()
#4 /var/www/html/php/trip/system/CodeIgniter.php(312): CodeIgniter\CodeIgniter->handleRequest()
#5 /var/www/html/php/trip/public/index.php(45): CodeIgniter\CodeIgniter->run()
#6 {main}
CRITICAL - 2020-09-12 08:43:30 --> Argument 1 passed to view() must be of the type string, array given, called in /var/www/html/php/trip/app/Controllers/BaseController.php on line 74
#0 /var/www/html/php/trip/app/Controllers/BaseController.php(74): view()
#1 /var/www/html/php/trip/app/Controllers/Home.php(7): App\Controllers\BaseController->view()
#2 /var/www/html/php/trip/system/CodeIgniter.php(918): App\Controllers\Home->index()
#3 /var/www/html/php/trip/system/CodeIgniter.php(404): CodeIgniter\CodeIgniter->runController()
#4 /var/www/html/php/trip/system/CodeIgniter.php(312): CodeIgniter\CodeIgniter->handleRequest()
#5 /var/www/html/php/trip/public/index.php(45): CodeIgniter\CodeIgniter->run()
#6 {main}
CRITICAL - 2020-09-12 08:43:49 --> Argument 1 passed to view() must be of the type string, array given, called in /var/www/html/php/trip/app/Controllers/BaseController.php on line 74
#0 /var/www/html/php/trip/app/Controllers/BaseController.php(74): view()
#1 /var/www/html/php/trip/app/Controllers/Home.php(7): App\Controllers\BaseController->view()
#2 /var/www/html/php/trip/system/CodeIgniter.php(918): App\Controllers\Home->index()
#3 /var/www/html/php/trip/system/CodeIgniter.php(404): CodeIgniter\CodeIgniter->runController()
#4 /var/www/html/php/trip/system/CodeIgniter.php(312): CodeIgniter\CodeIgniter->handleRequest()
#5 /var/www/html/php/trip/public/index.php(45): CodeIgniter\CodeIgniter->run()
#6 {main}
CRITICAL - 2020-09-12 08:48:41 --> Argument 2 passed to view() must be of the type array, bool given, called in /var/www/html/php/trip/app/Controllers/BaseController.php on line 76
#0 /var/www/html/php/trip/app/Controllers/BaseController.php(76): view()
#1 /var/www/html/php/trip/app/Controllers/Home.php(7): App\Controllers\BaseController->view()
#2 /var/www/html/php/trip/system/CodeIgniter.php(918): App\Controllers\Home->index()
#3 /var/www/html/php/trip/system/CodeIgniter.php(404): CodeIgniter\CodeIgniter->runController()
#4 /var/www/html/php/trip/system/CodeIgniter.php(312): CodeIgniter\CodeIgniter->handleRequest()
#5 /var/www/html/php/trip/public/index.php(45): CodeIgniter\CodeIgniter->run()
#6 {main}
CRITICAL - 2020-09-12 08:50:12 --> Argument 2 passed to view() must be of the type array, bool given, called in /var/www/html/php/trip/app/Controllers/BaseController.php on line 76
#0 /var/www/html/php/trip/app/Controllers/BaseController.php(76): view()
#1 /var/www/html/php/trip/app/Controllers/Home.php(7): App\Controllers\BaseController->view()
#2 /var/www/html/php/trip/system/CodeIgniter.php(918): App\Controllers\Home->index()
#3 /var/www/html/php/trip/system/CodeIgniter.php(404): CodeIgniter\CodeIgniter->runController()
#4 /var/www/html/php/trip/system/CodeIgniter.php(312): CodeIgniter\CodeIgniter->handleRequest()
#5 /var/www/html/php/trip/public/index.php(45): CodeIgniter\CodeIgniter->run()
#6 {main}
CRITICAL - 2020-09-12 08:51:27 --> Illegal string offset 'data'
#0 /var/www/html/php/trip/app/Controllers/BaseController.php(67): CodeIgniter\Debug\Exceptions->errorHandler()
#1 /var/www/html/php/trip/app/Controllers/Home.php(7): App\Controllers\BaseController->view()
#2 /var/www/html/php/trip/system/CodeIgniter.php(918): App\Controllers\Home->index()
#3 /var/www/html/php/trip/system/CodeIgniter.php(404): CodeIgniter\CodeIgniter->runController()
#4 /var/www/html/php/trip/system/CodeIgniter.php(312): CodeIgniter\CodeIgniter->handleRequest()
#5 /var/www/html/php/trip/public/index.php(45): CodeIgniter\CodeIgniter->run()
#6 {main}
CRITICAL - 2020-09-12 08:51:28 --> Illegal string offset 'data'
#0 /var/www/html/php/trip/app/Controllers/BaseController.php(67): CodeIgniter\Debug\Exceptions->errorHandler()
#1 /var/www/html/php/trip/app/Controllers/Home.php(7): App\Controllers\BaseController->view()
#2 /var/www/html/php/trip/system/CodeIgniter.php(918): App\Controllers\Home->index()
#3 /var/www/html/php/trip/system/CodeIgniter.php(404): CodeIgniter\CodeIgniter->runController()
#4 /var/www/html/php/trip/system/CodeIgniter.php(312): CodeIgniter\CodeIgniter->handleRequest()
#5 /var/www/html/php/trip/public/index.php(45): CodeIgniter\CodeIgniter->run()
#6 {main}
CRITICAL - 2020-09-12 08:51:29 --> Illegal string offset 'data'
#0 /var/www/html/php/trip/app/Controllers/BaseController.php(67): CodeIgniter\Debug\Exceptions->errorHandler()
#1 /var/www/html/php/trip/app/Controllers/Home.php(7): App\Controllers\BaseController->view()
#2 /var/www/html/php/trip/system/CodeIgniter.php(918): App\Controllers\Home->index()
#3 /var/www/html/php/trip/system/CodeIgniter.php(404): CodeIgniter\CodeIgniter->runController()
#4 /var/www/html/php/trip/system/CodeIgniter.php(312): CodeIgniter\CodeIgniter->handleRequest()
#5 /var/www/html/php/trip/public/index.php(45): CodeIgniter\CodeIgniter->run()
#6 {main}
CRITICAL - 2020-09-12 08:56:31 --> Illegal string offset 'data'
#0 /var/www/html/php/trip/app/Helpers/data_helper.php(3): CodeIgniter\Debug\Exceptions->errorHandler()
#1 /var/www/html/php/trip/app/Controllers/BaseController.php(67): arrayCheck()
#2 /var/www/html/php/trip/app/Controllers/Home.php(7): App\Controllers\BaseController->view()
#3 /var/www/html/php/trip/system/CodeIgniter.php(918): App\Controllers\Home->index()
#4 /var/www/html/php/trip/system/CodeIgniter.php(404): CodeIgniter\CodeIgniter->runController()
#5 /var/www/html/php/trip/system/CodeIgniter.php(312): CodeIgniter\CodeIgniter->handleRequest()
#6 /var/www/html/php/trip/public/index.php(45): CodeIgniter\CodeIgniter->run()
#7 {main}
CRITICAL - 2020-09-12 08:57:57 --> Illegal string offset 'data'
#0 /var/www/html/php/trip/app/Helpers/data_helper.php(6): CodeIgniter\Debug\Exceptions->errorHandler()
#1 /var/www/html/php/trip/app/Controllers/BaseController.php(68): arrayCheck()
#2 /var/www/html/php/trip/app/Controllers/Home.php(7): App\Controllers\BaseController->view()
#3 /var/www/html/php/trip/system/CodeIgniter.php(918): App\Controllers\Home->index()
#4 /var/www/html/php/trip/system/CodeIgniter.php(404): CodeIgniter\CodeIgniter->runController()
#5 /var/www/html/php/trip/system/CodeIgniter.php(312): CodeIgniter\CodeIgniter->handleRequest()
#6 /var/www/html/php/trip/public/index.php(45): CodeIgniter\CodeIgniter->run()
#7 {main}
CRITICAL - 2020-09-12 09:33:02 --> Undefined property: CodeIgniter\View\View::$uri
#0 /var/www/html/php/trip/app/Views/_layout/index.php(30): CodeIgniter\Debug\Exceptions->errorHandler()
#1 /var/www/html/php/trip/system/View/View.php(246): include('/var/www/html/p...')
#2 /var/www/html/php/trip/system/View/View.php(257): CodeIgniter\View\View->render()
#3 /var/www/html/php/trip/system/Common.php(1119): CodeIgniter\View\View->render()
#4 /var/www/html/php/trip/app/Controllers/BaseController.php(75): view()
#5 /var/www/html/php/trip/app/Controllers/Home.php(7): App\Controllers\BaseController->view()
#6 /var/www/html/php/trip/system/CodeIgniter.php(918): App\Controllers\Home->index()
#7 /var/www/html/php/trip/system/CodeIgniter.php(404): CodeIgniter\CodeIgniter->runController()
#8 /var/www/html/php/trip/system/CodeIgniter.php(312): CodeIgniter\CodeIgniter->handleRequest()
#9 /var/www/html/php/trip/public/index.php(45): CodeIgniter\CodeIgniter->run()
#10 {main}
CRITICAL - 2020-09-12 10:40:32 --> syntax error, unexpected '?>'
#0 /var/www/html/php/trip/system/View/View.php(257): CodeIgniter\View\View->render()
#1 /var/www/html/php/trip/system/Common.php(1119): CodeIgniter\View\View->render()
#2 /var/www/html/php/trip/app/Controllers/BaseController.php(75): view()
#3 /var/www/html/php/trip/app/Controllers/Home.php(7): App\Controllers\BaseController->view()
#4 /var/www/html/php/trip/system/CodeIgniter.php(918): App\Controllers\Home->index()
#5 /var/www/html/php/trip/system/CodeIgniter.php(404): CodeIgniter\CodeIgniter->runController()
#6 /var/www/html/php/trip/system/CodeIgniter.php(312): CodeIgniter\CodeIgniter->handleRequest()
#7 /var/www/html/php/trip/index.php(45): CodeIgniter\CodeIgniter->run()
#8 {main}
CRITICAL - 2020-09-12 10:40:33 --> syntax error, unexpected '?>'
#0 /var/www/html/php/trip/system/View/View.php(257): CodeIgniter\View\View->render()
#1 /var/www/html/php/trip/system/Common.php(1119): CodeIgniter\View\View->render()
#2 /var/www/html/php/trip/app/Controllers/BaseController.php(75): view()
#3 /var/www/html/php/trip/app/Controllers/Home.php(7): App\Controllers\BaseController->view()
#4 /var/www/html/php/trip/system/CodeIgniter.php(918): App\Controllers\Home->index()
#5 /var/www/html/php/trip/system/CodeIgniter.php(404): CodeIgniter\CodeIgniter->runController()
#6 /var/www/html/php/trip/system/CodeIgniter.php(312): CodeIgniter\CodeIgniter->handleRequest()
#7 /var/www/html/php/trip/index.php(45): CodeIgniter\CodeIgniter->run()
#8 {main}
